{"D:\\2nd Assignments\\newcmpany\\publicapi\\src\\App.tsx": {"path":"D:\\2nd Assignments\\newcmpany\\publicapi\\src\\App.tsx","statementMap":{"0":{"start":{"line":308,"column":0},"end":{"line":308,"column":24}},"1":{"start":{"line":1,"column":0},"end":{"line":1,"column":42}},"2":{"start":{"line":2,"column":0},"end":{"line":2,"column":null}},"3":{"start":{"line":16,"column":0},"end":{"line":16,"column":59}},"4":{"start":{"line":17,"column":0},"end":{"line":17,"column":71}},"5":{"start":{"line":18,"column":0},"end":{"line":18,"column":68}},"6":{"start":{"line":19,"column":0},"end":{"line":19,"column":73}},"7":{"start":{"line":20,"column":0},"end":{"line":20,"column":68}},"8":{"start":{"line":21,"column":0},"end":{"line":21,"column":64}},"9":{"start":{"line":22,"column":0},"end":{"line":22,"column":51}},"10":{"start":{"line":23,"column":0},"end":{"line":23,"column":53}},"11":{"start":{"line":25,"column":0},"end":{"line":25,"column":47}},"12":{"start":{"line":26,"column":0},"end":{"line":26,"column":64}},"13":{"start":{"line":27,"column":0},"end":{"line":27,"column":53}},"14":{"start":{"line":28,"column":0},"end":{"line":28,"column":47}},"15":{"start":{"line":29,"column":0},"end":{"line":29,"column":77}},"16":{"start":{"line":30,"column":0},"end":{"line":30,"column":32}},"17":{"start":{"line":31,"column":0},"end":{"line":31,"column":61}},"18":{"start":{"line":33,"column":20},"end":{"line":40,"column":2}},"19":{"start":{"line":43,"column":19},"end":{"line":43,"column":32}},"20":{"start":{"line":44,"column":34},"end":{"line":44,"column":45}},"21":{"start":{"line":45,"column":40},"end":{"line":45,"column":52}},"22":{"start":{"line":46,"column":34},"end":{"line":46,"column":60}},"23":{"start":{"line":47,"column":30},"end":{"line":47,"column":70}},"24":{"start":{"line":48,"column":44},"end":{"line":48,"column":75}},"25":{"start":{"line":59,"column":6},"end":{"line":59,"column":22}},"26":{"start":{"line":60,"column":24},"end":{"line":60,"column":38}},"27":{"start":{"line":62,"column":23},"end":{"line":65,"column":3}},"28":{"start":{"line":63,"column":4},"end":{"line":63,"column":26}},"29":{"start":{"line":64,"column":4},"end":{"line":64,"column":29}},"30":{"start":{"line":67,"column":26},"end":{"line":69,"column":3}},"31":{"start":{"line":68,"column":4},"end":{"line":68,"column":26}},"32":{"start":{"line":71,"column":25},"end":{"line":92,"column":39}},"33":{"start":{"line":72,"column":20},"end":{"line":73,"column":77}},"34":{"start":{"line":73,"column":6},"end":{"line":73,"column":77}},"35":{"start":{"line":73,"column":33},"end":{"line":73,"column":60}},"36":{"start":{"line":75,"column":4},"end":{"line":91,"column":7}},"37":{"start":{"line":76,"column":23},"end":{"line":76,"column":24}},"38":{"start":{"line":77,"column":6},"end":{"line":89,"column":7}},"39":{"start":{"line":79,"column":10},"end":{"line":79,"column":52}},"40":{"start":{"line":80,"column":10},"end":{"line":80,"column":16}},"41":{"start":{"line":82,"column":10},"end":{"line":82,"column":35}},"42":{"start":{"line":83,"column":10},"end":{"line":83,"column":16}},"43":{"start":{"line":85,"column":25},"end":{"line":85,"column":76}},"44":{"start":{"line":86,"column":25},"end":{"line":86,"column":76}},"45":{"start":{"line":87,"column":10},"end":{"line":87,"column":39}},"46":{"start":{"line":88,"column":10},"end":{"line":88,"column":16}},"47":{"start":{"line":90,"column":6},"end":{"line":90,"column":64}},"48":{"start":{"line":94,"column":2},"end":{"line":94,"column":36}},"49":{"start":{"line":94,"column":17},"end":{"line":94,"column":36}},"50":{"start":{"line":96,"column":2},"end":{"line":305,"column":4}},"51":{"start":{"line":159,"column":33},"end":{"line":159,"column":75}},"52":{"start":{"line":184,"column":31},"end":{"line":184,"column":88}},"53":{"start":{"line":184,"column":56},"end":{"line":184,"column":87}},"54":{"start":{"line":290,"column":36},"end":{"line":290,"column":62}},"55":{"start":{"line":299,"column":36},"end":{"line":299,"column":62}},"56":{"start":{"line":309,"column":2},"end":{"line":400,"column":4}}},"fnMap":{"0":{"name":"PokemonListContent","decl":{"start":{"line":42,"column":9},"end":{"line":42,"column":27}},"loc":{"start":{"line":42,"column":27},"end":{"line":306,"column":1}}},"1":{"name":"(anonymous_1)","decl":{"start":{"line":62,"column":23},"end":{"line":62,"column":24}},"loc":{"start":{"line":62,"column":41},"end":{"line":65,"column":3}}},"2":{"name":"(anonymous_2)","decl":{"start":{"line":67,"column":26},"end":{"line":67,"column":27}},"loc":{"start":{"line":67,"column":72},"end":{"line":69,"column":3}}},"3":{"name":"(anonymous_3)","decl":{"start":{"line":71,"column":33},"end":{"line":71,"column":36}},"loc":{"start":{"line":71,"column":38},"end":{"line":92,"column":3}}},"4":{"name":"(anonymous_4)","decl":{"start":{"line":72,"column":20},"end":{"line":72,"column":21}},"loc":{"start":{"line":73,"column":6},"end":{"line":73,"column":77}}},"5":{"name":"(anonymous_5)","decl":{"start":{"line":73,"column":25},"end":{"line":73,"column":29}},"loc":{"start":{"line":73,"column":33},"end":{"line":73,"column":60}}},"6":{"name":"(anonymous_6)","decl":{"start":{"line":75,"column":30},"end":{"line":75,"column":31}},"loc":{"start":{"line":75,"column":39},"end":{"line":91,"column":5}}},"7":{"name":"(anonymous_7)","decl":{"start":{"line":159,"column":26},"end":{"line":159,"column":27}},"loc":{"start":{"line":159,"column":33},"end":{"line":159,"column":75}}},"8":{"name":"(anonymous_8)","decl":{"start":{"line":184,"column":25},"end":{"line":184,"column":28}},"loc":{"start":{"line":184,"column":31},"end":{"line":184,"column":88}}},"9":{"name":"(anonymous_9)","decl":{"start":{"line":184,"column":48},"end":{"line":184,"column":52}},"loc":{"start":{"line":184,"column":56},"end":{"line":184,"column":87}}},"10":{"name":"(anonymous_10)","decl":{"start":{"line":290,"column":28},"end":{"line":290,"column":29}},"loc":{"start":{"line":290,"column":36},"end":{"line":290,"column":62}}},"11":{"name":"(anonymous_11)","decl":{"start":{"line":299,"column":28},"end":{"line":299,"column":29}},"loc":{"start":{"line":299,"column":36},"end":{"line":299,"column":62}}},"12":{"name":"App","decl":{"start":{"line":308,"column":24},"end":{"line":308,"column":27}},"loc":{"start":{"line":308,"column":27},"end":{"line":401,"column":1}}}},"branchMap":{"0":{"loc":{"start":{"line":73,"column":6},"end":{"line":73,"column":77}},"type":"binary-expr","locations":[{"start":{"line":73,"column":6},"end":{"line":73,"column":72}},{"start":{"line":73,"column":76},"end":{"line":73,"column":77}}]},"1":{"loc":{"start":{"line":77,"column":6},"end":{"line":89,"column":7}},"type":"switch","locations":[{"start":{"line":78,"column":8},"end":{"line":80,"column":16}},{"start":{"line":81,"column":8},"end":{"line":83,"column":16}},{"start":{"line":84,"column":8},"end":{"line":88,"column":16}}]},"2":{"loc":{"start":{"line":90,"column":13},"end":{"line":90,"column":63}},"type":"cond-expr","locations":[{"start":{"line":90,"column":39},"end":{"line":90,"column":49}},{"start":{"line":90,"column":52},"end":{"line":90,"column":63}}]},"3":{"loc":{"start":{"line":94,"column":2},"end":{"line":94,"column":36}},"type":"if","locations":[{"start":{"line":94,"column":2},"end":{"line":94,"column":36}},{"start":{},"end":{}}]},"4":{"loc":{"start":{"line":181,"column":36},"end":{"line":181,"column":88}},"type":"cond-expr","locations":[{"start":{"line":181,"column":62},"end":{"line":181,"column":73}},{"start":{"line":181,"column":76},"end":{"line":181,"column":88}}]},"5":{"loc":{"start":{"line":184,"column":56},"end":{"line":184,"column":87}},"type":"cond-expr","locations":[{"start":{"line":184,"column":73},"end":{"line":184,"column":79}},{"start":{"line":184,"column":82},"end":{"line":184,"column":87}}]},"6":{"loc":{"start":{"line":191,"column":17},"end":{"line":191,"column":78}},"type":"cond-expr","locations":[{"start":{"line":191,"column":43},"end":{"line":191,"column":58}},{"start":{"line":191,"column":61},"end":{"line":191,"column":78}}]},"7":{"loc":{"start":{"line":286,"column":9},"end":{"line":301,"column":null}},"type":"cond-expr","locations":[{"start":{"line":287,"column":10},"end":{"line":294,"column":null}},{"start":{"line":297,"column":10},"end":{"line":300,"column":null}}]},"8":{"loc":{"start":{"line":292,"column":21},"end":{"line":292,"column":65}},"type":"binary-expr","locations":[{"start":{"line":292,"column":21},"end":{"line":292,"column":28}},{"start":{"line":292,"column":32},"end":{"line":292,"column":47}},{"start":{"line":292,"column":51},"end":{"line":292,"column":65}}]}},"s":{"0":0,"1":0,"2":0,"3":0,"4":0,"5":0,"6":0,"7":0,"8":0,"9":0,"10":0,"11":0,"12":0,"13":0,"14":0,"15":0,"16":0,"17":0,"18":0,"19":0,"20":0,"21":0,"22":0,"23":0,"24":0,"25":0,"26":0,"27":0,"28":0,"29":0,"30":0,"31":0,"32":0,"33":0,"34":0,"35":0,"36":0,"37":0,"38":0,"39":0,"40":0,"41":0,"42":0,"43":0,"44":0,"45":0,"46":0,"47":0,"48":0,"49":0,"50":0,"51":0,"52":0,"53":0,"54":0,"55":0,"56":0},"f":{"0":0,"1":0,"2":0,"3":0,"4":0,"5":0,"6":0,"7":0,"8":0,"9":0,"10":0,"11":0,"12":0},"b":{"0":[0,0],"1":[0,0,0],"2":[0,0],"3":[0,0],"4":[0,0],"5":[0,0],"6":[0,0],"7":[0,0],"8":[0,0,0]}}
,"D:\\2nd Assignments\\newcmpany\\publicapi\\src\\main.tsx": {"path":"D:\\2nd Assignments\\newcmpany\\publicapi\\src\\main.tsx","statementMap":{"0":{"start":{"line":1,"column":0},"end":{"line":1,"column":34}},"1":{"start":{"line":2,"column":0},"end":{"line":2,"column":45}},"2":{"start":{"line":3,"column":0},"end":{"line":3,"column":20}},"3":{"start":{"line":4,"column":0},"end":{"line":4,"column":27}},"4":{"start":{"line":6,"column":0},"end":{"line":10,"column":null}}},"fnMap":{},"branchMap":{},"s":{"0":0,"1":0,"2":0,"3":0,"4":0},"f":{},"b":{}}
,"D:\\2nd Assignments\\newcmpany\\publicapi\\src\\theme.ts": {"path":"D:\\2nd Assignments\\newcmpany\\publicapi\\src\\theme.ts","statementMap":{"0":{"start":{"line":1,"column":0},"end":{"line":1,"column":51}},"1":{"start":{"line":3,"column":13},"end":{"line":53,"column":3}}},"fnMap":{},"branchMap":{},"s":{"0":1,"1":1},"f":{},"b":{}}
,"D:\\2nd Assignments\\newcmpany\\publicapi\\src\\components\\FavoriteStats.tsx": {"path":"D:\\2nd Assignments\\newcmpany\\publicapi\\src\\components\\FavoriteStats.tsx","statementMap":{"0":{"start":{"line":1,"column":0},"end":{"line":1,"column":55}},"1":{"start":{"line":8,"column":29},"end":{"line":83,"column":1}},"2":{"start":{"line":9,"column":20},"end":{"line":14,"column":34}},"3":{"start":{"line":10,"column":4},"end":{"line":12,"column":7}},"4":{"start":{"line":11,"column":6},"end":{"line":11,"column":49}},"5":{"start":{"line":13,"column":4},"end":{"line":13,"column":15}},"6":{"start":{"line":16,"column":20},"end":{"line":20,"column":null}},"7":{"start":{"line":18,"column":21},"end":{"line":18,"column":92}},"8":{"start":{"line":18,"column":48},"end":{"line":18,"column":75}},"9":{"start":{"line":19,"column":6},"end":{"line":19,"column":26}},"10":{"start":{"line":23,"column":26},"end":{"line":25,"column":16}},"11":{"start":{"line":24,"column":28},"end":{"line":24,"column":33}},"12":{"start":{"line":27,"column":2},"end":{"line":82,"column":4}},"13":{"start":{"line":63,"column":14},"end":{"line":64,"column":null}},"14":{"start":{"line":8,"column":13},"end":{"line":8,"column":29}}},"fnMap":{"0":{"name":"(anonymous_0)","decl":{"start":{"line":8,"column":29},"end":{"line":8,"column":30}},"loc":{"start":{"line":8,"column":66},"end":{"line":83,"column":1}}},"1":{"name":"(anonymous_1)","decl":{"start":{"line":9,"column":36},"end":{"line":9,"column":37}},"loc":{"start":{"line":9,"column":53},"end":{"line":14,"column":3}}},"2":{"name":"(anonymous_2)","decl":{"start":{"line":10,"column":26},"end":{"line":10,"column":27}},"loc":{"start":{"line":10,"column":39},"end":{"line":12,"column":5}}},"3":{"name":"(anonymous_3)","decl":{"start":{"line":17,"column":20},"end":{"line":17,"column":21}},"loc":{"start":{"line":17,"column":37},"end":{"line":20,"column":5}}},"4":{"name":"(anonymous_4)","decl":{"start":{"line":18,"column":40},"end":{"line":18,"column":44}},"loc":{"start":{"line":18,"column":48},"end":{"line":18,"column":75}}},"5":{"name":"(anonymous_5)","decl":{"start":{"line":24,"column":10},"end":{"line":24,"column":11}},"loc":{"start":{"line":24,"column":28},"end":{"line":24,"column":33}}},"6":{"name":"(anonymous_6)","decl":{"start":{"line":62,"column":33},"end":{"line":62,"column":34}},"loc":{"start":{"line":63,"column":14},"end":{"line":64,"column":null}}}},"branchMap":{"0":{"loc":{"start":{"line":11,"column":24},"end":{"line":11,"column":43}},"type":"binary-expr","locations":[{"start":{"line":11,"column":24},"end":{"line":11,"column":38}},{"start":{"line":11,"column":42},"end":{"line":11,"column":43}}]},"1":{"loc":{"start":{"line":18,"column":21},"end":{"line":18,"column":92}},"type":"binary-expr","locations":[{"start":{"line":18,"column":21},"end":{"line":18,"column":87}},{"start":{"line":18,"column":91},"end":{"line":18,"column":92}}]}},"s":{"0":0,"1":0,"2":0,"3":0,"4":0,"5":0,"6":0,"7":0,"8":0,"9":0,"10":0,"11":0,"12":0,"13":0,"14":0},"f":{"0":0,"1":0,"2":0,"3":0,"4":0,"5":0,"6":0},"b":{"0":[0,0],"1":[0,0]}}
,"D:\\2nd Assignments\\newcmpany\\publicapi\\src\\components\\FavoritesList.tsx": {"path":"D:\\2nd Assignments\\newcmpany\\publicapi\\src\\components\\FavoritesList.tsx","statementMap":{"0":{"start":{"line":1,"column":0},"end":{"line":1,"column":null}},"1":{"start":{"line":12,"column":0},"end":{"line":12,"column":45}},"2":{"start":{"line":13,"column":0},"end":{"line":13,"column":59}},"3":{"start":{"line":14,"column":0},"end":{"line":14,"column":44}},"4":{"start":{"line":17,"column":0},"end":{"line":17,"column":33}},"5":{"start":{"line":25,"column":29},"end":{"line":186,"column":1}},"6":{"start":{"line":26,"column":40},"end":{"line":26,"column":54}},"7":{"start":{"line":27,"column":50},"end":{"line":27,"column":72}},"8":{"start":{"line":28,"column":54},"end":{"line":28,"column":69}},"9":{"start":{"line":30,"column":28},"end":{"line":30,"column":88}},"10":{"start":{"line":30,"column":55},"end":{"line":30,"column":87}},"11":{"start":{"line":32,"column":30},"end":{"line":38,"column":3}},"12":{"start":{"line":33,"column":4},"end":{"line":37,"column":6}},"13":{"start":{"line":34,"column":6},"end":{"line":36,"column":32}},"14":{"start":{"line":35,"column":30},"end":{"line":35,"column":50}},"15":{"start":{"line":40,"column":26},"end":{"line":46,"column":3}},"16":{"start":{"line":41,"column":4},"end":{"line":45,"column":6}},"17":{"start":{"line":44,"column":37},"end":{"line":44,"column":43}},"18":{"start":{"line":48,"column":31},"end":{"line":50,"column":3}},"19":{"start":{"line":49,"column":4},"end":{"line":49,"column":32}},"20":{"start":{"line":52,"column":24},"end":{"line":56,"column":3}},"21":{"start":{"line":53,"column":4},"end":{"line":53,"column":59}},"22":{"start":{"line":53,"column":37},"end":{"line":53,"column":57}},"23":{"start":{"line":54,"column":4},"end":{"line":54,"column":28}},"24":{"start":{"line":55,"column":4},"end":{"line":55,"column":33}},"25":{"start":{"line":58,"column":2},"end":{"line":66,"column":3}},"26":{"start":{"line":59,"column":4},"end":{"line":65,"column":6}},"27":{"start":{"line":68,"column":2},"end":{"line":185,"column":4}},"28":{"start":{"line":137,"column":12},"end":{"line":137,"column":36}},"29":{"start":{"line":141,"column":18},"end":{"line":141,"column":38}},"30":{"start":{"line":142,"column":18},"end":{"line":142,"column":52}},"31":{"start":{"line":158,"column":31},"end":{"line":158,"column":59}},"32":{"start":{"line":168,"column":23},"end":{"line":168,"column":51}},"33":{"start":{"line":178,"column":33},"end":{"line":178,"column":61}},"34":{"start":{"line":25,"column":13},"end":{"line":25,"column":29}}},"fnMap":{"0":{"name":"(anonymous_0)","decl":{"start":{"line":25,"column":29},"end":{"line":25,"column":30}},"loc":{"start":{"line":25,"column":92},"end":{"line":186,"column":1}}},"1":{"name":"(anonymous_1)","decl":{"start":{"line":30,"column":44},"end":{"line":30,"column":51}},"loc":{"start":{"line":30,"column":55},"end":{"line":30,"column":87}}},"2":{"name":"(anonymous_2)","decl":{"start":{"line":32,"column":30},"end":{"line":32,"column":31}},"loc":{"start":{"line":32,"column":54},"end":{"line":38,"column":3}}},"3":{"name":"(anonymous_3)","decl":{"start":{"line":33,"column":24},"end":{"line":33,"column":28}},"loc":{"start":{"line":34,"column":6},"end":{"line":36,"column":32}}},"4":{"name":"(anonymous_4)","decl":{"start":{"line":35,"column":22},"end":{"line":35,"column":26}},"loc":{"start":{"line":35,"column":30},"end":{"line":35,"column":50}}},"5":{"name":"(anonymous_5)","decl":{"start":{"line":40,"column":26},"end":{"line":40,"column":29}},"loc":{"start":{"line":40,"column":31},"end":{"line":46,"column":3}}},"6":{"name":"(anonymous_6)","decl":{"start":{"line":44,"column":32},"end":{"line":44,"column":33}},"loc":{"start":{"line":44,"column":37},"end":{"line":44,"column":43}}},"7":{"name":"(anonymous_7)","decl":{"start":{"line":48,"column":31},"end":{"line":48,"column":34}},"loc":{"start":{"line":48,"column":36},"end":{"line":50,"column":3}}},"8":{"name":"(anonymous_8)","decl":{"start":{"line":52,"column":24},"end":{"line":52,"column":27}},"loc":{"start":{"line":52,"column":29},"end":{"line":56,"column":3}}},"9":{"name":"(anonymous_9)","decl":{"start":{"line":53,"column":29},"end":{"line":53,"column":33}},"loc":{"start":{"line":53,"column":37},"end":{"line":53,"column":57}}},"10":{"name":"(anonymous_10)","decl":{"start":{"line":136,"column":33},"end":{"line":136,"column":40}},"loc":{"start":{"line":137,"column":12},"end":{"line":137,"column":36}}},"11":{"name":"(anonymous_11)","decl":{"start":{"line":140,"column":26},"end":{"line":140,"column":27}},"loc":{"start":{"line":140,"column":32},"end":{"line":143,"column":17}}},"12":{"name":"(anonymous_12)","decl":{"start":{"line":158,"column":25},"end":{"line":158,"column":28}},"loc":{"start":{"line":158,"column":31},"end":{"line":158,"column":59}}},"13":{"name":"(anonymous_13)","decl":{"start":{"line":168,"column":17},"end":{"line":168,"column":20}},"loc":{"start":{"line":168,"column":23},"end":{"line":168,"column":51}}},"14":{"name":"(anonymous_14)","decl":{"start":{"line":178,"column":27},"end":{"line":178,"column":30}},"loc":{"start":{"line":178,"column":33},"end":{"line":178,"column":61}}}},"branchMap":{"0":{"loc":{"start":{"line":34,"column":6},"end":{"line":36,"column":32}},"type":"cond-expr","locations":[{"start":{"line":35,"column":10},"end":{"line":35,"column":51}},{"start":{"line":36,"column":10},"end":{"line":36,"column":32}}]},"1":{"loc":{"start":{"line":42,"column":6},"end":{"line":44,"column":44}},"type":"cond-expr","locations":[{"start":{"line":43,"column":10},"end":{"line":43,"column":12}},{"start":{"line":44,"column":10},"end":{"line":44,"column":44}}]},"2":{"loc":{"start":{"line":58,"column":2},"end":{"line":66,"column":3}},"type":"if","locations":[{"start":{"line":58,"column":2},"end":{"line":66,"column":3}},{"start":{},"end":{}}]},"3":{"loc":{"start":{"line":101,"column":31},"end":{"line":101,"column":112}},"type":"binary-expr","locations":[{"start":{"line":101,"column":31},"end":{"line":101,"column":58}},{"start":{"line":101,"column":62},"end":{"line":101,"column":112}}]},"4":{"loc":{"start":{"line":105,"column":17},"end":{"line":107,"column":57}},"type":"cond-expr","locations":[{"start":{"line":106,"column":20},"end":{"line":106,"column":102}},{"start":{"line":107,"column":20},"end":{"line":107,"column":57}}]},"5":{"loc":{"start":{"line":106,"column":59},"end":{"line":106,"column":100}},"type":"cond-expr","locations":[{"start":{"line":106,"column":92},"end":{"line":106,"column":94}},{"start":{"line":106,"column":97},"end":{"line":106,"column":100}}]},"6":{"loc":{"start":{"line":112,"column":9},"end":{"line":120,"column":null}},"type":"binary-expr","locations":[{"start":{"line":112,"column":9},"end":{"line":112,"column":36}},{"start":{"line":113,"column":10},"end":{"line":117,"column":null}}]},"7":{"loc":{"start":{"line":128,"column":31},"end":{"line":134,"column":19}},"type":"cond-expr","locations":[{"start":{"line":128,"column":53},"end":{"line":134,"column":12}},{"start":{"line":134,"column":14},"end":{"line":134,"column":19}}]}},"s":{"0":0,"1":0,"2":0,"3":0,"4":0,"5":0,"6":0,"7":0,"8":0,"9":0,"10":0,"11":0,"12":0,"13":0,"14":0,"15":0,"16":0,"17":0,"18":0,"19":0,"20":0,"21":0,"22":0,"23":0,"24":0,"25":0,"26":0,"27":0,"28":0,"29":0,"30":0,"31":0,"32":0,"33":0,"34":0},"f":{"0":0,"1":0,"2":0,"3":0,"4":0,"5":0,"6":0,"7":0,"8":0,"9":0,"10":0,"11":0,"12":0,"13":0,"14":0},"b":{"0":[0,0],"1":[0,0],"2":[0,0],"3":[0,0],"4":[0,0],"5":[0,0],"6":[0,0],"7":[0,0]}}
,"D:\\2nd Assignments\\newcmpany\\publicapi\\src\\components\\FavoritesListNew.tsx": {"path":"D:\\2nd Assignments\\newcmpany\\publicapi\\src\\components\\FavoritesListNew.tsx","statementMap":{"0":{"start":{"line":1,"column":0},"end":{"line":1,"column":33}},"1":{"start":{"line":2,"column":0},"end":{"line":2,"column":null}},"2":{"start":{"line":13,"column":0},"end":{"line":13,"column":45}},"3":{"start":{"line":14,"column":0},"end":{"line":14,"column":59}},"4":{"start":{"line":15,"column":0},"end":{"line":15,"column":50}},"5":{"start":{"line":25,"column":29},"end":{"line":146,"column":1}},"6":{"start":{"line":26,"column":40},"end":{"line":26,"column":54}},"7":{"start":{"line":27,"column":50},"end":{"line":27,"column":72}},"8":{"start":{"line":28,"column":54},"end":{"line":28,"column":69}},"9":{"start":{"line":30,"column":28},"end":{"line":30,"column":88}},"10":{"start":{"line":30,"column":55},"end":{"line":30,"column":87}},"11":{"start":{"line":32,"column":26},"end":{"line":38,"column":3}},"12":{"start":{"line":33,"column":4},"end":{"line":37,"column":6}},"13":{"start":{"line":36,"column":37},"end":{"line":36,"column":43}},"14":{"start":{"line":40,"column":31},"end":{"line":42,"column":3}},"15":{"start":{"line":41,"column":4},"end":{"line":41,"column":32}},"16":{"start":{"line":44,"column":24},"end":{"line":48,"column":3}},"17":{"start":{"line":45,"column":4},"end":{"line":45,"column":59}},"18":{"start":{"line":45,"column":37},"end":{"line":45,"column":57}},"19":{"start":{"line":46,"column":4},"end":{"line":46,"column":28}},"20":{"start":{"line":47,"column":4},"end":{"line":47,"column":33}},"21":{"start":{"line":50,"column":2},"end":{"line":65,"column":3}},"22":{"start":{"line":51,"column":4},"end":{"line":64,"column":6}},"23":{"start":{"line":67,"column":2},"end":{"line":145,"column":4}},"24":{"start":{"line":128,"column":23},"end":{"line":128,"column":51}},"25":{"start":{"line":138,"column":33},"end":{"line":138,"column":61}},"26":{"start":{"line":25,"column":13},"end":{"line":25,"column":29}}},"fnMap":{"0":{"name":"(anonymous_0)","decl":{"start":{"line":25,"column":29},"end":{"line":25,"column":30}},"loc":{"start":{"line":25,"column":92},"end":{"line":146,"column":1}}},"1":{"name":"(anonymous_1)","decl":{"start":{"line":30,"column":44},"end":{"line":30,"column":51}},"loc":{"start":{"line":30,"column":55},"end":{"line":30,"column":87}}},"2":{"name":"(anonymous_2)","decl":{"start":{"line":32,"column":26},"end":{"line":32,"column":29}},"loc":{"start":{"line":32,"column":31},"end":{"line":38,"column":3}}},"3":{"name":"(anonymous_3)","decl":{"start":{"line":36,"column":32},"end":{"line":36,"column":33}},"loc":{"start":{"line":36,"column":37},"end":{"line":36,"column":43}}},"4":{"name":"(anonymous_4)","decl":{"start":{"line":40,"column":31},"end":{"line":40,"column":34}},"loc":{"start":{"line":40,"column":36},"end":{"line":42,"column":3}}},"5":{"name":"(anonymous_5)","decl":{"start":{"line":44,"column":24},"end":{"line":44,"column":27}},"loc":{"start":{"line":44,"column":29},"end":{"line":48,"column":3}}},"6":{"name":"(anonymous_6)","decl":{"start":{"line":45,"column":29},"end":{"line":45,"column":33}},"loc":{"start":{"line":45,"column":37},"end":{"line":45,"column":57}}},"7":{"name":"(anonymous_7)","decl":{"start":{"line":120,"column":20},"end":{"line":120,"column":23}},"loc":{"start":{"line":120,"column":25},"end":{"line":120,"column":28}}},"8":{"name":"(anonymous_8)","decl":{"start":{"line":128,"column":17},"end":{"line":128,"column":20}},"loc":{"start":{"line":128,"column":23},"end":{"line":128,"column":51}}},"9":{"name":"(anonymous_9)","decl":{"start":{"line":138,"column":27},"end":{"line":138,"column":30}},"loc":{"start":{"line":138,"column":33},"end":{"line":138,"column":61}}}},"branchMap":{"0":{"loc":{"start":{"line":34,"column":6},"end":{"line":36,"column":44}},"type":"cond-expr","locations":[{"start":{"line":35,"column":10},"end":{"line":35,"column":12}},{"start":{"line":36,"column":10},"end":{"line":36,"column":44}}]},"1":{"loc":{"start":{"line":50,"column":2},"end":{"line":65,"column":3}},"type":"if","locations":[{"start":{"line":50,"column":2},"end":{"line":65,"column":3}},{"start":{},"end":{}}]},"2":{"loc":{"start":{"line":94,"column":27},"end":{"line":94,"column":108}},"type":"binary-expr","locations":[{"start":{"line":94,"column":27},"end":{"line":94,"column":54}},{"start":{"line":94,"column":58},"end":{"line":94,"column":108}}]},"3":{"loc":{"start":{"line":98,"column":13},"end":{"line":100,"column":53}},"type":"cond-expr","locations":[{"start":{"line":99,"column":16},"end":{"line":99,"column":98}},{"start":{"line":100,"column":16},"end":{"line":100,"column":53}}]},"4":{"loc":{"start":{"line":99,"column":55},"end":{"line":99,"column":96}},"type":"cond-expr","locations":[{"start":{"line":99,"column":88},"end":{"line":99,"column":90}},{"start":{"line":99,"column":93},"end":{"line":99,"column":96}}]},"5":{"loc":{"start":{"line":103,"column":9},"end":{"line":112,"column":null}},"type":"binary-expr","locations":[{"start":{"line":103,"column":9},"end":{"line":103,"column":36}},{"start":{"line":104,"column":10},"end":{"line":109,"column":null}}]}},"s":{"0":0,"1":0,"2":0,"3":0,"4":0,"5":0,"6":0,"7":0,"8":0,"9":0,"10":0,"11":0,"12":0,"13":0,"14":0,"15":0,"16":0,"17":0,"18":0,"19":0,"20":0,"21":0,"22":0,"23":0,"24":0,"25":0,"26":0},"f":{"0":0,"1":0,"2":0,"3":0,"4":0,"5":0,"6":0,"7":0,"8":0,"9":0},"b":{"0":[0,0],"1":[0,0],"2":[0,0],"3":[0,0],"4":[0,0],"5":[0,0]}}
,"D:\\2nd Assignments\\newcmpany\\publicapi\\src\\components\\Loading.tsx": {"path":"D:\\2nd Assignments\\newcmpany\\publicapi\\src\\components\\Loading.tsx","statementMap":{"0":{"start":{"line":1,"column":0},"end":{"line":1,"column":54}},"1":{"start":{"line":3,"column":23},"end":{"line":6,"column":null}},"2":{"start":{"line":4,"column":2},"end":{"line":5,"column":null}},"3":{"start":{"line":3,"column":13},"end":{"line":3,"column":23}}},"fnMap":{"0":{"name":"(anonymous_0)","decl":{"start":{"line":3,"column":23},"end":{"line":3,"column":26}},"loc":{"start":{"line":4,"column":2},"end":{"line":5,"column":null}}}},"branchMap":{},"s":{"0":0,"1":0,"2":0,"3":0},"f":{"0":0},"b":{}}
,"D:\\2nd Assignments\\newcmpany\\publicapi\\src\\components\\PokemonCard.tsx": {"path":"D:\\2nd Assignments\\newcmpany\\publicapi\\src\\components\\PokemonCard.tsx","statementMap":{"0":{"start":{"line":1,"column":0},"end":{"line":1,"column":90}},"1":{"start":{"line":2,"column":0},"end":{"line":2,"column":63}},"2":{"start":{"line":4,"column":0},"end":{"line":4,"column":59}},"3":{"start":{"line":6,"column":21},"end":{"line":13,"column":1}},"4":{"start":{"line":7,"column":2},"end":{"line":9,"column":3}},"5":{"start":{"line":8,"column":4},"end":{"line":8,"column":22}},"6":{"start":{"line":11,"column":19},"end":{"line":11,"column":41}},"7":{"start":{"line":12,"column":2},"end":{"line":12,"column":49}},"8":{"start":{"line":28,"column":27},"end":{"line":104,"column":1}},"9":{"start":{"line":29,"column":54},"end":{"line":29,"column":68}},"10":{"start":{"line":30,"column":19},"end":{"line":30,"column":43}},"11":{"start":{"line":32,"column":30},"end":{"line":39,"column":3}},"12":{"start":{"line":33,"column":4},"end":{"line":33,"column":24}},"13":{"start":{"line":34,"column":4},"end":{"line":38,"column":5}},"14":{"start":{"line":35,"column":6},"end":{"line":35,"column":35}},"15":{"start":{"line":37,"column":6},"end":{"line":37,"column":32}},"16":{"start":{"line":41,"column":21},"end":{"line":41,"column":40}},"17":{"start":{"line":43,"column":2},"end":{"line":103,"column":4}},"18":{"start":{"line":86,"column":12},"end":{"line":87,"column":null}},"19":{"start":{"line":28,"column":13},"end":{"line":28,"column":27}}},"fnMap":{"0":{"name":"(anonymous_0)","decl":{"start":{"line":6,"column":21},"end":{"line":6,"column":22}},"loc":{"start":{"line":6,"column":65},"end":{"line":13,"column":1}}},"1":{"name":"(anonymous_1)","decl":{"start":{"line":28,"column":27},"end":{"line":28,"column":28}},"loc":{"start":{"line":28,"column":89},"end":{"line":104,"column":1}}},"2":{"name":"(anonymous_2)","decl":{"start":{"line":32,"column":30},"end":{"line":32,"column":31}},"loc":{"start":{"line":32,"column":54},"end":{"line":39,"column":3}}},"3":{"name":"(anonymous_3)","decl":{"start":{"line":85,"column":51},"end":{"line":85,"column":52}},"loc":{"start":{"line":86,"column":12},"end":{"line":87,"column":null}}}},"branchMap":{"0":{"loc":{"start":{"line":7,"column":2},"end":{"line":9,"column":3}},"type":"if","locations":[{"start":{"line":7,"column":2},"end":{"line":9,"column":3}},{"start":{},"end":{}}]},"1":{"loc":{"start":{"line":28,"column":48},"end":{"line":28,"column":65}},"type":"default-arg","locations":[{"start":{"line":28,"column":59},"end":{"line":28,"column":65}}]},"2":{"loc":{"start":{"line":34,"column":4},"end":{"line":38,"column":5}},"type":"if","locations":[{"start":{"line":34,"column":4},"end":{"line":38,"column":5}},{"start":{"line":36,"column":11},"end":{"line":38,"column":5}}]},"3":{"loc":{"start":{"line":52,"column":17},"end":{"line":52,"column":46}},"type":"cond-expr","locations":[{"start":{"line":52,"column":30},"end":{"line":52,"column":36}},{"start":{"line":52,"column":39},"end":{"line":52,"column":46}}]},"4":{"loc":{"start":{"line":53,"column":16},"end":{"line":53,"column":45}},"type":"cond-expr","locations":[{"start":{"line":53,"column":29},"end":{"line":53,"column":36}},{"start":{"line":53,"column":39},"end":{"line":53,"column":45}}]},"5":{"loc":{"start":{"line":59,"column":16},"end":{"line":59,"column":42}},"type":"cond-expr","locations":[{"start":{"line":59,"column":29},"end":{"line":59,"column":34}},{"start":{"line":59,"column":37},"end":{"line":59,"column":42}}]},"6":{"loc":{"start":{"line":60,"column":15},"end":{"line":60,"column":42}},"type":"cond-expr","locations":[{"start":{"line":60,"column":28},"end":{"line":60,"column":33}},{"start":{"line":60,"column":36},"end":{"line":60,"column":42}}]},"7":{"loc":{"start":{"line":64,"column":17},"end":{"line":64,"column":46}},"type":"cond-expr","locations":[{"start":{"line":64,"column":30},"end":{"line":64,"column":37}},{"start":{"line":64,"column":40},"end":{"line":64,"column":46}}]},"8":{"loc":{"start":{"line":74,"column":12},"end":{"line":74,"column":30}},"type":"cond-expr","locations":[{"start":{"line":74,"column":25},"end":{"line":74,"column":26}},{"start":{"line":74,"column":29},"end":{"line":74,"column":30}}]},"9":{"loc":{"start":{"line":80,"column":74},"end":{"line":80,"column":105}},"type":"cond-expr","locations":[{"start":{"line":80,"column":87},"end":{"line":80,"column":94}},{"start":{"line":80,"column":97},"end":{"line":80,"column":105}}]},"10":{"loc":{"start":{"line":81,"column":13},"end":{"line":81,"column":57}},"type":"cond-expr","locations":[{"start":{"line":81,"column":24},"end":{"line":81,"column":36}},{"start":{"line":81,"column":39},"end":{"line":81,"column":57}}]},"11":{"loc":{"start":{"line":85,"column":11},"end":{"line":99,"column":12}},"type":"binary-expr","locations":[{"start":{"line":85,"column":11},"end":{"line":85,"column":29}},{"start":{"line":85,"column":33},"end":{"line":99,"column":12}}]}},"s":{"0":1,"1":1,"2":1,"3":1,"4":12,"5":11,"6":1,"7":1,"8":1,"9":12,"10":12,"11":12,"12":3,"13":3,"14":1,"15":2,"16":12,"17":12,"18":22,"19":1},"f":{"0":12,"1":12,"2":3,"3":22},"b":{"0":[11,1],"1":[10],"2":[1,2],"3":[1,11],"4":[1,11],"5":[1,11],"6":[1,11],"7":[1,11],"8":[1,11],"9":[1,11],"10":[3,9],"11":[12,11]}}
,"D:\\2nd Assignments\\newcmpany\\publicapi\\src\\components\\PokemonDetail.tsx": {"path":"D:\\2nd Assignments\\newcmpany\\publicapi\\src\\components\\PokemonDetail.tsx","statementMap":{"0":{"start":{"line":1,"column":0},"end":{"line":1,"column":null}},"1":{"start":{"line":11,"column":0},"end":{"line":11,"column":83}},"2":{"start":{"line":13,"column":0},"end":{"line":13,"column":59}},"3":{"start":{"line":22,"column":29},"end":{"line":120,"column":1}},"4":{"start":{"line":23,"column":54},"end":{"line":23,"column":68}},"5":{"start":{"line":24,"column":19},"end":{"line":24,"column":61}},"6":{"start":{"line":26,"column":30},"end":{"line":34,"column":3}},"7":{"start":{"line":27,"column":4},"end":{"line":27,"column":25}},"8":{"start":{"line":27,"column":18},"end":{"line":27,"column":25}},"9":{"start":{"line":29,"column":4},"end":{"line":33,"column":5}},"10":{"start":{"line":30,"column":6},"end":{"line":30,"column":35}},"11":{"start":{"line":32,"column":6},"end":{"line":32,"column":32}},"12":{"start":{"line":36,"column":2},"end":{"line":119,"column":4}},"13":{"start":{"line":75,"column":18},"end":{"line":75,"column":44}},"14":{"start":{"line":98,"column":20},"end":{"line":99,"column":null}},"15":{"start":{"line":22,"column":13},"end":{"line":22,"column":29}}},"fnMap":{"0":{"name":"(anonymous_0)","decl":{"start":{"line":22,"column":29},"end":{"line":22,"column":30}},"loc":{"start":{"line":22,"column":91},"end":{"line":120,"column":1}}},"1":{"name":"(anonymous_1)","decl":{"start":{"line":26,"column":30},"end":{"line":26,"column":33}},"loc":{"start":{"line":26,"column":35},"end":{"line":34,"column":3}}},"2":{"name":"(anonymous_2)","decl":{"start":{"line":74,"column":35},"end":{"line":74,"column":36}},"loc":{"start":{"line":75,"column":18},"end":{"line":75,"column":44}}},"3":{"name":"(anonymous_3)","decl":{"start":{"line":97,"column":41},"end":{"line":97,"column":42}},"loc":{"start":{"line":98,"column":20},"end":{"line":99,"column":null}}}},"branchMap":{"0":{"loc":{"start":{"line":24,"column":19},"end":{"line":24,"column":61}},"type":"cond-expr","locations":[{"start":{"line":24,"column":29},"end":{"line":24,"column":53}},{"start":{"line":24,"column":56},"end":{"line":24,"column":61}}]},"1":{"loc":{"start":{"line":27,"column":4},"end":{"line":27,"column":25}},"type":"if","locations":[{"start":{"line":27,"column":4},"end":{"line":27,"column":25}},{"start":{},"end":{}}]},"2":{"loc":{"start":{"line":29,"column":4},"end":{"line":33,"column":5}},"type":"if","locations":[{"start":{"line":29,"column":4},"end":{"line":33,"column":5}},{"start":{"line":31,"column":11},"end":{"line":33,"column":5}}]},"3":{"loc":{"start":{"line":41,"column":13},"end":{"line":41,"column":42}},"type":"binary-expr","locations":[{"start":{"line":41,"column":13},"end":{"line":41,"column":26}},{"start":{"line":41,"column":30},"end":{"line":41,"column":42}}]},"4":{"loc":{"start":{"line":49,"column":15},"end":{"line":49,"column":59}},"type":"cond-expr","locations":[{"start":{"line":49,"column":26},"end":{"line":49,"column":38}},{"start":{"line":49,"column":41},"end":{"line":49,"column":59}}]},"5":{"loc":{"start":{"line":58,"column":9},"end":{"line":116,"column":16}},"type":"cond-expr","locations":[{"start":{"line":59,"column":10},"end":{"line":60,"column":null}},{"start":{"line":62,"column":12},"end":{"line":116,"column":16}}]},"6":{"loc":{"start":{"line":62,"column":12},"end":{"line":116,"column":16}},"type":"cond-expr","locations":[{"start":{"line":63,"column":10},"end":{"line":114,"column":null}},{"start":{"line":116,"column":12},"end":{"line":116,"column":16}}]},"7":{"loc":{"start":{"line":66,"column":21},"end":{"line":66,"column":109}},"type":"binary-expr","locations":[{"start":{"line":66,"column":21},"end":{"line":66,"column":76}},{"start":{"line":66,"column":80},"end":{"line":66,"column":109}}]}},"s":{"0":0,"1":0,"2":0,"3":0,"4":0,"5":0,"6":0,"7":0,"8":0,"9":0,"10":0,"11":0,"12":0,"13":0,"14":0,"15":0},"f":{"0":0,"1":0,"2":0,"3":0},"b":{"0":[0,0],"1":[0,0],"2":[0,0],"3":[0,0],"4":[0,0],"5":[0,0],"6":[0,0],"7":[0,0]}}
,"D:\\2nd Assignments\\newcmpany\\publicapi\\src\\components\\PokemonSkeleton.tsx": {"path":"D:\\2nd Assignments\\newcmpany\\publicapi\\src\\components\\PokemonSkeleton.tsx","statementMap":{"0":{"start":{"line":1,"column":0},"end":{"line":1,"column":52}},"1":{"start":{"line":9,"column":57},"end":{"line":64,"column":1}},"2":{"start":{"line":10,"column":2},"end":{"line":36,"column":3}},"3":{"start":{"line":11,"column":4},"end":{"line":35,"column":6}},"4":{"start":{"line":38,"column":2},"end":{"line":63,"column":4}},"5":{"start":{"line":9,"column":13},"end":{"line":9,"column":57}}},"fnMap":{"0":{"name":"(anonymous_0)","decl":{"start":{"line":9,"column":57},"end":{"line":9,"column":58}},"loc":{"start":{"line":9,"column":74},"end":{"line":64,"column":1}}}},"branchMap":{"0":{"loc":{"start":{"line":10,"column":2},"end":{"line":36,"column":3}},"type":"if","locations":[{"start":{"line":10,"column":2},"end":{"line":36,"column":3}},{"start":{},"end":{}}]}},"s":{"0":0,"1":0,"2":0,"3":0,"4":0,"5":0},"f":{"0":0},"b":{"0":[0,0]}}
,"D:\\2nd Assignments\\newcmpany\\publicapi\\src\\components\\ScrollableGrid.tsx": {"path":"D:\\2nd Assignments\\newcmpany\\publicapi\\src\\components\\ScrollableGrid.tsx","statementMap":{"0":{"start":{"line":1,"column":0},"end":{"line":1,"column":null}},"1":{"start":{"line":7,"column":0},"end":{"line":7,"column":74}},"2":{"start":{"line":8,"column":0},"end":{"line":8,"column":44}},"3":{"start":{"line":9,"column":0},"end":{"line":9,"column":52}},"4":{"start":{"line":23,"column":29},"end":{"line":34,"column":null}},"5":{"start":{"line":24,"column":2},"end":{"line":33,"column":null}},"6":{"start":{"line":37,"column":55},"end":{"line":272,"column":1}},"7":{"start":{"line":46,"column":23},"end":{"line":46,"column":51}},"8":{"start":{"line":47,"column":22},"end":{"line":47,"column":63}},"9":{"start":{"line":48,"column":29},"end":{"line":48,"column":57}},"10":{"start":{"line":49,"column":42},"end":{"line":49,"column":57}},"11":{"start":{"line":51,"column":23},"end":{"line":54,"column":8}},"12":{"start":{"line":52,"column":19},"end":{"line":52,"column":45}},"13":{"start":{"line":53,"column":4},"end":{"line":53,"column":42}},"14":{"start":{"line":56,"column":2},"end":{"line":91,"column":55}},"15":{"start":{"line":57,"column":23},"end":{"line":57,"column":27}},"16":{"start":{"line":58,"column":27},"end":{"line":58,"column":53}},"17":{"start":{"line":60,"column":20},"end":{"line":64,"column":6}},"18":{"start":{"line":66,"column":28},"end":{"line":72,"column":5}},"19":{"start":{"line":67,"column":22},"end":{"line":67,"column":29}},"20":{"start":{"line":69,"column":6},"end":{"line":71,"column":7}},"21":{"start":{"line":70,"column":8},"end":{"line":70,"column":21}},"22":{"start":{"line":74,"column":4},"end":{"line":77,"column":5}},"23":{"start":{"line":75,"column":6},"end":{"line":75,"column":39}},"24":{"start":{"line":76,"column":6},"end":{"line":76,"column":33}},"25":{"start":{"line":79,"column":4},"end":{"line":82,"column":5}},"26":{"start":{"line":80,"column":6},"end":{"line":80,"column":79}},"27":{"start":{"line":81,"column":6},"end":{"line":81,"column":50}},"28":{"start":{"line":84,"column":4},"end":{"line":90,"column":6}},"29":{"start":{"line":85,"column":6},"end":{"line":85,"column":27}},"30":{"start":{"line":86,"column":6},"end":{"line":89,"column":7}},"31":{"start":{"line":87,"column":8},"end":{"line":87,"column":41}},"32":{"start":{"line":88,"column":8},"end":{"line":88,"column":35}},"33":{"start":{"line":93,"column":2},"end":{"line":271,"column":4}},"34":{"start":{"line":170,"column":14},"end":{"line":170,"column":43}},"35":{"start":{"line":197,"column":16},"end":{"line":197,"column":40}},"36":{"start":{"line":201,"column":35},"end":{"line":201,"column":63}},"37":{"start":{"line":37,"column":13},"end":{"line":37,"column":55}}},"fnMap":{"0":{"name":"(anonymous_0)","decl":{"start":{"line":23,"column":29},"end":{"line":23,"column":32}},"loc":{"start":{"line":24,"column":2},"end":{"line":33,"column":null}}},"1":{"name":"(anonymous_1)","decl":{"start":{"line":37,"column":55},"end":{"line":37,"column":56}},"loc":{"start":{"line":45,"column":5},"end":{"line":272,"column":1}}},"2":{"name":"(anonymous_2)","decl":{"start":{"line":51,"column":35},"end":{"line":51,"column":36}},"loc":{"start":{"line":51,"column":72},"end":{"line":54,"column":3}}},"3":{"name":"(anonymous_3)","decl":{"start":{"line":56,"column":12},"end":{"line":56,"column":15}},"loc":{"start":{"line":56,"column":17},"end":{"line":91,"column":3}}},"4":{"name":"(anonymous_4)","decl":{"start":{"line":66,"column":28},"end":{"line":66,"column":29}},"loc":{"start":{"line":66,"column":69},"end":{"line":72,"column":5}}},"5":{"name":"(anonymous_5)","decl":{"start":{"line":84,"column":11},"end":{"line":84,"column":14}},"loc":{"start":{"line":84,"column":16},"end":{"line":90,"column":5}}},"6":{"name":"(anonymous_6)","decl":{"start":{"line":169,"column":44},"end":{"line":169,"column":45}},"loc":{"start":{"line":170,"column":14},"end":{"line":170,"column":43}}},"7":{"name":"(anonymous_7)","decl":{"start":{"line":196,"column":28},"end":{"line":196,"column":29}},"loc":{"start":{"line":197,"column":16},"end":{"line":197,"column":40}}},"8":{"name":"(anonymous_8)","decl":{"start":{"line":201,"column":29},"end":{"line":201,"column":32}},"loc":{"start":{"line":201,"column":35},"end":{"line":201,"column":63}}}},"branchMap":{"0":{"loc":{"start":{"line":69,"column":6},"end":{"line":71,"column":7}},"type":"if","locations":[{"start":{"line":69,"column":6},"end":{"line":71,"column":7}},{"start":{},"end":{}}]},"1":{"loc":{"start":{"line":69,"column":10},"end":{"line":69,"column":90}},"type":"binary-expr","locations":[{"start":{"line":69,"column":10},"end":{"line":69,"column":30}},{"start":{"line":69,"column":34},"end":{"line":69,"column":41}},{"start":{"line":69,"column":45},"end":{"line":69,"column":60}},{"start":{"line":69,"column":64},"end":{"line":69,"column":74}},{"start":{"line":69,"column":78},"end":{"line":69,"column":90}}]},"2":{"loc":{"start":{"line":74,"column":4},"end":{"line":77,"column":5}},"type":"if","locations":[{"start":{"line":74,"column":4},"end":{"line":77,"column":5}},{"start":{},"end":{}}]},"3":{"loc":{"start":{"line":79,"column":4},"end":{"line":82,"column":5}},"type":"if","locations":[{"start":{"line":79,"column":4},"end":{"line":82,"column":5}},{"start":{},"end":{}}]},"4":{"loc":{"start":{"line":79,"column":8},"end":{"line":79,"column":66}},"type":"binary-expr","locations":[{"start":{"line":79,"column":8},"end":{"line":79,"column":22}},{"start":{"line":79,"column":26},"end":{"line":79,"column":33}},{"start":{"line":79,"column":37},"end":{"line":79,"column":52}},{"start":{"line":79,"column":56},"end":{"line":79,"column":66}}]},"5":{"loc":{"start":{"line":86,"column":6},"end":{"line":89,"column":7}},"type":"if","locations":[{"start":{"line":86,"column":6},"end":{"line":89,"column":7}},{"start":{},"end":{}}]},"6":{"loc":{"start":{"line":95,"column":7},"end":{"line":106,"column":null}},"type":"binary-expr","locations":[{"start":{"line":95,"column":7},"end":{"line":95,"column":19}},{"start":{"line":96,"column":8},"end":{"line":105,"column":null}}]},"7":{"loc":{"start":{"line":148,"column":9},"end":{"line":267,"column":null}},"type":"cond-expr","locations":[{"start":{"line":149,"column":10},"end":{"line":171,"column":null}},{"start":{"line":174,"column":10},"end":{"line":266,"column":null}}]},"8":{"loc":{"start":{"line":154,"column":35},"end":{"line":162,"column":23}},"type":"cond-expr","locations":[{"start":{"line":155,"column":18},"end":{"line":161,"column":null}},{"start":{"line":162,"column":18},"end":{"line":162,"column":23}}]},"9":{"loc":{"start":{"line":180,"column":37},"end":{"line":188,"column":25}},"type":"cond-expr","locations":[{"start":{"line":181,"column":20},"end":{"line":187,"column":null}},{"start":{"line":188,"column":20},"end":{"line":188,"column":25}}]},"10":{"loc":{"start":{"line":198,"column":19},"end":{"line":198,"column":58}},"type":"binary-expr","locations":[{"start":{"line":198,"column":19},"end":{"line":198,"column":39}},{"start":{"line":198,"column":43},"end":{"line":198,"column":58}}]},"11":{"loc":{"start":{"line":214,"column":28},"end":{"line":214,"column":58}},"type":"cond-expr","locations":[{"start":{"line":214,"column":38},"end":{"line":214,"column":47}},{"start":{"line":214,"column":50},"end":{"line":214,"column":58}}]},"12":{"loc":{"start":{"line":219,"column":13},"end":{"line":245,"column":null}},"type":"cond-expr","locations":[{"start":{"line":220,"column":14},"end":{"line":220,"column":34}},{"start":{"line":222,"column":14},"end":{"line":244,"column":null}}]},"13":{"loc":{"start":{"line":222,"column":14},"end":{"line":244,"column":null}},"type":"binary-expr","locations":[{"start":{"line":222,"column":14},"end":{"line":222,"column":22}},{"start":{"line":222,"column":26},"end":{"line":222,"column":45}},{"start":{"line":223,"column":16},"end":{"line":243,"column":null}}]},"14":{"loc":{"start":{"line":248,"column":13},"end":{"line":265,"column":null}},"type":"binary-expr","locations":[{"start":{"line":248,"column":13},"end":{"line":248,"column":21}},{"start":{"line":248,"column":25},"end":{"line":248,"column":46}},{"start":{"line":249,"column":14},"end":{"line":264,"column":null}}]}},"s":{"0":0,"1":0,"2":0,"3":0,"4":0,"5":0,"6":0,"7":0,"8":0,"9":0,"10":0,"11":0,"12":0,"13":0,"14":0,"15":0,"16":0,"17":0,"18":0,"19":0,"20":0,"21":0,"22":0,"23":0,"24":0,"25":0,"26":0,"27":0,"28":0,"29":0,"30":0,"31":0,"32":0,"33":0,"34":0,"35":0,"36":0,"37":0},"f":{"0":0,"1":0,"2":0,"3":0,"4":0,"5":0,"6":0,"7":0,"8":0},"b":{"0":[0,0],"1":[0,0,0,0,0],"2":[0,0],"3":[0,0],"4":[0,0,0,0],"5":[0,0],"6":[0,0],"7":[0,0],"8":[0,0],"9":[0,0],"10":[0,0],"11":[0,0],"12":[0,0],"13":[0,0,0],"14":[0,0,0]}}
,"D:\\2nd Assignments\\newcmpany\\publicapi\\src\\components\\SearchBar.tsx": {"path":"D:\\2nd Assignments\\newcmpany\\publicapi\\src\\components\\SearchBar.tsx","statementMap":{"0":{"start":{"line":1,"column":0},"end":{"line":1,"column":58}},"1":{"start":{"line":2,"column":0},"end":{"line":2,"column":59}},"2":{"start":{"line":10,"column":25},"end":{"line":44,"column":1}},"3":{"start":{"line":11,"column":2},"end":{"line":43,"column":4}},"4":{"start":{"line":17,"column":23},"end":{"line":17,"column":47}},"5":{"start":{"line":10,"column":13},"end":{"line":10,"column":25}}},"fnMap":{"0":{"name":"(anonymous_0)","decl":{"start":{"line":10,"column":25},"end":{"line":10,"column":26}},"loc":{"start":{"line":10,"column":100},"end":{"line":44,"column":1}}},"1":{"name":"(anonymous_1)","decl":{"start":{"line":17,"column":16},"end":{"line":17,"column":17}},"loc":{"start":{"line":17,"column":23},"end":{"line":17,"column":47}}}},"branchMap":{"0":{"loc":{"start":{"line":10,"column":45},"end":{"line":10,"column":78}},"type":"default-arg","locations":[{"start":{"line":10,"column":59},"end":{"line":10,"column":78}}]}},"s":{"0":1,"1":1,"2":1,"3":7,"4":1,"5":1},"f":{"0":7,"1":1},"b":{"0":[6]}}
,"D:\\2nd Assignments\\newcmpany\\publicapi\\src\\components\\TypeFilter.tsx": {"path":"D:\\2nd Assignments\\newcmpany\\publicapi\\src\\components\\TypeFilter.tsx","statementMap":{"0":{"start":{"line":1,"column":0},"end":{"line":1,"column":85}},"1":{"start":{"line":5,"column":22},"end":{"line":9,"column":11}},"2":{"start":{"line":18,"column":26},"end":{"line":54,"column":1}},"3":{"start":{"line":19,"column":23},"end":{"line":21,"column":3}},"4":{"start":{"line":20,"column":4},"end":{"line":20,"column":57}},"5":{"start":{"line":23,"column":2},"end":{"line":53,"column":4}},"6":{"start":{"line":36,"column":10},"end":{"line":36,"column":31}},"7":{"start":{"line":18,"column":13},"end":{"line":18,"column":26}}},"fnMap":{"0":{"name":"(anonymous_0)","decl":{"start":{"line":18,"column":26},"end":{"line":18,"column":27}},"loc":{"start":{"line":18,"column":78},"end":{"line":54,"column":1}}},"1":{"name":"(anonymous_1)","decl":{"start":{"line":19,"column":23},"end":{"line":19,"column":24}},"loc":{"start":{"line":19,"column":60},"end":{"line":21,"column":3}}},"2":{"name":"(anonymous_2)","decl":{"start":{"line":35,"column":27},"end":{"line":35,"column":28}},"loc":{"start":{"line":36,"column":10},"end":{"line":36,"column":31}}}},"branchMap":{},"s":{"0":0,"1":0,"2":0,"3":0,"4":0,"5":0,"6":0,"7":0},"f":{"0":0,"1":0,"2":0},"b":{}}
,"D:\\2nd Assignments\\newcmpany\\publicapi\\src\\components\\ViewToggle.tsx": {"path":"D:\\2nd Assignments\\newcmpany\\publicapi\\src\\components\\ViewToggle.tsx","statementMap":{"0":{"start":{"line":1,"column":0},"end":{"line":1,"column":64}},"1":{"start":{"line":2,"column":0},"end":{"line":2,"column":57}},"2":{"start":{"line":11,"column":26},"end":{"line":51,"column":1}},"3":{"start":{"line":12,"column":23},"end":{"line":16,"column":3}},"4":{"start":{"line":13,"column":4},"end":{"line":15,"column":5}},"5":{"start":{"line":14,"column":6},"end":{"line":14,"column":28}},"6":{"start":{"line":18,"column":2},"end":{"line":50,"column":4}},"7":{"start":{"line":11,"column":13},"end":{"line":11,"column":26}}},"fnMap":{"0":{"name":"(anonymous_0)","decl":{"start":{"line":11,"column":26},"end":{"line":11,"column":27}},"loc":{"start":{"line":11,"column":70},"end":{"line":51,"column":1}}},"1":{"name":"(anonymous_1)","decl":{"start":{"line":12,"column":23},"end":{"line":12,"column":24}},"loc":{"start":{"line":12,"column":86},"end":{"line":16,"column":3}}}},"branchMap":{"0":{"loc":{"start":{"line":13,"column":4},"end":{"line":15,"column":5}},"type":"if","locations":[{"start":{"line":13,"column":4},"end":{"line":15,"column":5}},{"start":{},"end":{}}]}},"s":{"0":0,"1":0,"2":0,"3":0,"4":0,"5":0,"6":0,"7":0},"f":{"0":0,"1":0},"b":{"0":[0,0]}}
,"D:\\2nd Assignments\\newcmpany\\publicapi\\src\\components\\index.ts": {"path":"D:\\2nd Assignments\\newcmpany\\publicapi\\src\\components\\index.ts","statementMap":{"0":{"start":{"line":1,"column":0},"end":{"line":1,"column":30}},"1":{"start":{"line":2,"column":0},"end":{"line":2,"column":32}},"2":{"start":{"line":3,"column":0},"end":{"line":3,"column":29}}},"fnMap":{},"branchMap":{},"s":{"0":0,"1":0,"2":0},"f":{},"b":{}}
,"D:\\2nd Assignments\\newcmpany\\publicapi\\src\\context\\FavoritesContext.tsx": {"path":"D:\\2nd Assignments\\newcmpany\\publicapi\\src\\context\\FavoritesContext.tsx","statementMap":{"0":{"start":{"line":16,"column":0},"end":{"line":16,"column":16}},"1":{"start":{"line":51,"column":0},"end":{"line":51,"column":16}},"2":{"start":{"line":1,"column":0},"end":{"line":1,"column":71}},"3":{"start":{"line":12,"column":25},"end":{"line":12,"column":83}},"4":{"start":{"line":14,"column":20},"end":{"line":14,"column":39}},"5":{"start":{"line":17,"column":36},"end":{"line":20,"column":4}},"6":{"start":{"line":18,"column":19},"end":{"line":18,"column":52}},"7":{"start":{"line":19,"column":4},"end":{"line":19,"column":44}},"8":{"start":{"line":22,"column":2},"end":{"line":24,"column":18}},"9":{"start":{"line":23,"column":4},"end":{"line":23,"column":65}},"10":{"start":{"line":26,"column":22},"end":{"line":28,"column":3}},"11":{"start":{"line":27,"column":4},"end":{"line":27,"column":63}},"12":{"start":{"line":27,"column":25},"end":{"line":27,"column":61}},"13":{"start":{"line":30,"column":25},"end":{"line":32,"column":3}},"14":{"start":{"line":31,"column":4},"end":{"line":31,"column":68}},"15":{"start":{"line":31,"column":25},"end":{"line":31,"column":66}},"16":{"start":{"line":31,"column":45},"end":{"line":31,"column":65}},"17":{"start":{"line":34,"column":21},"end":{"line":36,"column":3}},"18":{"start":{"line":35,"column":4},"end":{"line":35,"column":43}},"19":{"start":{"line":38,"column":29},"end":{"line":40,"column":3}},"20":{"start":{"line":39,"column":4},"end":{"line":39,"column":21}},"21":{"start":{"line":42,"column":2},"end":{"line":48,"column":4}},"22":{"start":{"line":52,"column":18},"end":{"line":52,"column":46}},"23":{"start":{"line":53,"column":2},"end":{"line":55,"column":3}},"24":{"start":{"line":54,"column":4},"end":{"line":54,"column":76}},"25":{"start":{"line":56,"column":2},"end":{"line":56,"column":17}}},"fnMap":{"0":{"name":"FavoritesProvider","decl":{"start":{"line":16,"column":16},"end":{"line":16,"column":33}},"loc":{"start":{"line":16,"column":71},"end":{"line":49,"column":1}}},"1":{"name":"(anonymous_1)","decl":{"start":{"line":17,"column":55},"end":{"line":17,"column":58}},"loc":{"start":{"line":17,"column":60},"end":{"line":20,"column":3}}},"2":{"name":"(anonymous_2)","decl":{"start":{"line":22,"column":12},"end":{"line":22,"column":15}},"loc":{"start":{"line":22,"column":17},"end":{"line":24,"column":3}}},"3":{"name":"(anonymous_3)","decl":{"start":{"line":26,"column":22},"end":{"line":26,"column":23}},"loc":{"start":{"line":26,"column":46},"end":{"line":28,"column":3}}},"4":{"name":"(anonymous_4)","decl":{"start":{"line":27,"column":17},"end":{"line":27,"column":21}},"loc":{"start":{"line":27,"column":25},"end":{"line":27,"column":61}}},"5":{"name":"(anonymous_5)","decl":{"start":{"line":30,"column":25},"end":{"line":30,"column":26}},"loc":{"start":{"line":30,"column":49},"end":{"line":32,"column":3}}},"6":{"name":"(anonymous_6)","decl":{"start":{"line":31,"column":17},"end":{"line":31,"column":21}},"loc":{"start":{"line":31,"column":25},"end":{"line":31,"column":66}}},"7":{"name":"(anonymous_7)","decl":{"start":{"line":31,"column":37},"end":{"line":31,"column":41}},"loc":{"start":{"line":31,"column":45},"end":{"line":31,"column":65}}},"8":{"name":"(anonymous_8)","decl":{"start":{"line":34,"column":21},"end":{"line":34,"column":22}},"loc":{"start":{"line":34,"column":45},"end":{"line":36,"column":3}}},"9":{"name":"(anonymous_9)","decl":{"start":{"line":38,"column":29},"end":{"line":38,"column":32}},"loc":{"start":{"line":38,"column":34},"end":{"line":40,"column":3}}},"10":{"name":"useFavorites","decl":{"start":{"line":51,"column":16},"end":{"line":51,"column":28}},"loc":{"start":{"line":51,"column":28},"end":{"line":57,"column":1}}}},"branchMap":{"0":{"loc":{"start":{"line":19,"column":11},"end":{"line":19,"column":43}},"type":"cond-expr","locations":[{"start":{"line":19,"column":20},"end":{"line":19,"column":38}},{"start":{"line":19,"column":41},"end":{"line":19,"column":43}}]},"1":{"loc":{"start":{"line":53,"column":2},"end":{"line":55,"column":3}},"type":"if","locations":[{"start":{"line":53,"column":2},"end":{"line":55,"column":3}},{"start":{},"end":{}}]}},"s":{"0":1,"1":1,"2":1,"3":1,"4":1,"5":12,"6":9,"7":9,"8":12,"9":12,"10":12,"11":2,"12":2,"13":12,"14":1,"15":1,"16":1,"17":12,"18":12,"19":12,"20":0,"21":12,"22":12,"23":12,"24":0,"25":12},"f":{"0":12,"1":9,"2":12,"3":2,"4":2,"5":1,"6":1,"7":1,"8":12,"9":0,"10":12},"b":{"0":[8,1],"1":[0,12]}}
,"D:\\2nd Assignments\\newcmpany\\publicapi\\src\\hooks\\useDebounce.ts": {"path":"D:\\2nd Assignments\\newcmpany\\publicapi\\src\\hooks\\useDebounce.ts","statementMap":{"0":{"start":{"line":3,"column":0},"end":{"line":3,"column":16}},"1":{"start":{"line":1,"column":0},"end":{"line":1,"column":44}},"2":{"start":{"line":4,"column":46},"end":{"line":4,"column":64}},"3":{"start":{"line":6,"column":2},"end":{"line":14,"column":21}},"4":{"start":{"line":7,"column":18},"end":{"line":9,"column":13}},"5":{"start":{"line":8,"column":6},"end":{"line":8,"column":31}},"6":{"start":{"line":11,"column":4},"end":{"line":13,"column":6}},"7":{"start":{"line":12,"column":6},"end":{"line":12,"column":26}},"8":{"start":{"line":16,"column":2},"end":{"line":16,"column":24}}},"fnMap":{"0":{"name":"useDebounce","decl":{"start":{"line":3,"column":16},"end":{"line":3,"column":27}},"loc":{"start":{"line":3,"column":54},"end":{"line":17,"column":1}}},"1":{"name":"(anonymous_1)","decl":{"start":{"line":6,"column":12},"end":{"line":6,"column":15}},"loc":{"start":{"line":6,"column":17},"end":{"line":14,"column":3}}},"2":{"name":"(anonymous_2)","decl":{"start":{"line":7,"column":29},"end":{"line":7,"column":32}},"loc":{"start":{"line":7,"column":34},"end":{"line":9,"column":5}}},"3":{"name":"(anonymous_3)","decl":{"start":{"line":11,"column":11},"end":{"line":11,"column":14}},"loc":{"start":{"line":11,"column":16},"end":{"line":13,"column":5}}}},"branchMap":{},"s":{"0":1,"1":1,"2":8,"3":8,"4":6,"5":2,"6":6,"7":6,"8":8},"f":{"0":8,"1":6,"2":2,"3":6},"b":{}}
,"D:\\2nd Assignments\\newcmpany\\publicapi\\src\\hooks\\usePokemons.ts": {"path":"D:\\2nd Assignments\\newcmpany\\publicapi\\src\\hooks\\usePokemons.ts","statementMap":{"0":{"start":{"line":10,"column":0},"end":{"line":10,"column":16}},"1":{"start":{"line":92,"column":0},"end":{"line":92,"column":16}},"2":{"start":{"line":1,"column":0},"end":{"line":1,"column":57}},"3":{"start":{"line":2,"column":0},"end":{"line":2,"column":49}},"4":{"start":{"line":4,"column":0},"end":{"line":4,"column":61}},"5":{"start":{"line":5,"column":0},"end":{"line":5,"column":44}},"6":{"start":{"line":8,"column":23},"end":{"line":8,"column":25}},"7":{"start":{"line":11,"column":30},"end":{"line":11,"column":41}},"8":{"start":{"line":12,"column":40},"end":{"line":12,"column":52}},"9":{"start":{"line":13,"column":42},"end":{"line":13,"column":72}},"10":{"start":{"line":14,"column":40},"end":{"line":14,"column":63}},"11":{"start":{"line":15,"column":44},"end":{"line":15,"column":59}},"12":{"start":{"line":16,"column":26},"end":{"line":16,"column":55}},"13":{"start":{"line":17,"column":24},"end":{"line":17,"column":54}},"14":{"start":{"line":24,"column":6},"end":{"line":36,"column":4}},"15":{"start":{"line":26,"column":19},"end":{"line":31,"column":6}},"16":{"start":{"line":32,"column":39},"end":{"line":32,"column":51}},"17":{"start":{"line":39,"column":2},"end":{"line":50,"column":31}},"18":{"start":{"line":40,"column":4},"end":{"line":49,"column":5}},"19":{"start":{"line":41,"column":6},"end":{"line":41,"column":37}},"20":{"start":{"line":42,"column":11},"end":{"line":49,"column":5}},"21":{"start":{"line":43,"column":6},"end":{"line":48,"column":9}},"22":{"start":{"line":45,"column":30},"end":{"line":45,"column":60}},"23":{"start":{"line":45,"column":52},"end":{"line":45,"column":58}},"24":{"start":{"line":46,"column":26},"end":{"line":46,"column":80}},"25":{"start":{"line":46,"column":53},"end":{"line":46,"column":79}},"26":{"start":{"line":47,"column":8},"end":{"line":47,"column":39}},"27":{"start":{"line":53,"column":2},"end":{"line":56,"column":39}},"28":{"start":{"line":54,"column":4},"end":{"line":54,"column":17}},"29":{"start":{"line":55,"column":4},"end":{"line":55,"column":23}},"30":{"start":{"line":59,"column":2},"end":{"line":69,"column":27}},"31":{"start":{"line":60,"column":4},"end":{"line":68,"column":5}},"32":{"start":{"line":61,"column":6},"end":{"line":61,"column":29}},"33":{"start":{"line":62,"column":11},"end":{"line":68,"column":5}},"34":{"start":{"line":64,"column":24},"end":{"line":66,"column":13}},"35":{"start":{"line":65,"column":8},"end":{"line":65,"column":32}},"36":{"start":{"line":67,"column":6},"end":{"line":67,"column":43}},"37":{"start":{"line":67,"column":19},"end":{"line":67,"column":42}},"38":{"start":{"line":71,"column":19},"end":{"line":75,"column":55}},"39":{"start":{"line":72,"column":4},"end":{"line":74,"column":5}},"40":{"start":{"line":73,"column":6},"end":{"line":73,"column":57}},"41":{"start":{"line":73,"column":30},"end":{"line":73,"column":55}},"42":{"start":{"line":77,"column":2},"end":{"line":89,"column":4}},"43":{"start":{"line":93,"column":2},"end":{"line":97,"column":5}},"44":{"start":{"line":95,"column":19},"end":{"line":95,"column":39}}},"fnMap":{"0":{"name":"usePokemonList","decl":{"start":{"line":10,"column":16},"end":{"line":10,"column":30}},"loc":{"start":{"line":10,"column":60},"end":{"line":90,"column":1}}},"1":{"name":"(anonymous_1)","decl":{"start":{"line":26,"column":13},"end":{"line":26,"column":16}},"loc":{"start":{"line":26,"column":19},"end":{"line":31,"column":6}}},"2":{"name":"(anonymous_2)","decl":{"start":{"line":32,"column":21},"end":{"line":32,"column":22}},"loc":{"start":{"line":32,"column":39},"end":{"line":32,"column":51}}},"3":{"name":"(anonymous_3)","decl":{"start":{"line":39,"column":12},"end":{"line":39,"column":15}},"loc":{"start":{"line":39,"column":17},"end":{"line":50,"column":3}}},"4":{"name":"(anonymous_4)","decl":{"start":{"line":43,"column":21},"end":{"line":43,"column":25}},"loc":{"start":{"line":43,"column":28},"end":{"line":48,"column":7}}},"5":{"name":"(anonymous_5)","decl":{"start":{"line":45,"column":47},"end":{"line":45,"column":48}},"loc":{"start":{"line":45,"column":52},"end":{"line":45,"column":58}}},"6":{"name":"(anonymous_6)","decl":{"start":{"line":46,"column":48},"end":{"line":46,"column":49}},"loc":{"start":{"line":46,"column":53},"end":{"line":46,"column":79}}},"7":{"name":"(anonymous_7)","decl":{"start":{"line":53,"column":12},"end":{"line":53,"column":15}},"loc":{"start":{"line":53,"column":17},"end":{"line":56,"column":3}}},"8":{"name":"(anonymous_8)","decl":{"start":{"line":59,"column":12},"end":{"line":59,"column":15}},"loc":{"start":{"line":59,"column":17},"end":{"line":69,"column":3}}},"9":{"name":"(anonymous_9)","decl":{"start":{"line":64,"column":35},"end":{"line":64,"column":38}},"loc":{"start":{"line":64,"column":40},"end":{"line":66,"column":7}}},"10":{"name":"(anonymous_10)","decl":{"start":{"line":67,"column":13},"end":{"line":67,"column":16}},"loc":{"start":{"line":67,"column":19},"end":{"line":67,"column":42}}},"11":{"name":"(anonymous_11)","decl":{"start":{"line":71,"column":31},"end":{"line":71,"column":34}},"loc":{"start":{"line":71,"column":36},"end":{"line":75,"column":3}}},"12":{"name":"(anonymous_12)","decl":{"start":{"line":73,"column":16},"end":{"line":73,"column":26}},"loc":{"start":{"line":73,"column":30},"end":{"line":73,"column":55}}},"13":{"name":"usePokemonDetails","decl":{"start":{"line":92,"column":16},"end":{"line":92,"column":33}},"loc":{"start":{"line":92,"column":59},"end":{"line":98,"column":1}}},"14":{"name":"(anonymous_14)","decl":{"start":{"line":95,"column":13},"end":{"line":95,"column":16}},"loc":{"start":{"line":95,"column":19},"end":{"line":95,"column":39}}}},"branchMap":{"0":{"loc":{"start":{"line":10,"column":31},"end":{"line":10,"column":60}},"type":"default-arg","locations":[{"start":{"line":10,"column":46},"end":{"line":10,"column":60}}]},"1":{"loc":{"start":{"line":20,"column":10},"end":{"line":20,"column":42}},"type":"default-arg","locations":[{"start":{"line":20,"column":27},"end":{"line":20,"column":42}}]},"2":{"loc":{"start":{"line":40,"column":4},"end":{"line":49,"column":5}},"type":"if","locations":[{"start":{"line":40,"column":4},"end":{"line":49,"column":5}},{"start":{"line":42,"column":11},"end":{"line":49,"column":5}}]},"3":{"loc":{"start":{"line":42,"column":11},"end":{"line":49,"column":5}},"type":"if","locations":[{"start":{"line":42,"column":11},"end":{"line":49,"column":5}},{"start":{},"end":{}}]},"4":{"loc":{"start":{"line":60,"column":4},"end":{"line":68,"column":5}},"type":"if","locations":[{"start":{"line":60,"column":4},"end":{"line":68,"column":5}},{"start":{"line":62,"column":11},"end":{"line":68,"column":5}}]},"5":{"loc":{"start":{"line":60,"column":8},"end":{"line":60,"column":32}},"type":"binary-expr","locations":[{"start":{"line":60,"column":8},"end":{"line":60,"column":18}},{"start":{"line":60,"column":22},"end":{"line":60,"column":32}}]},"6":{"loc":{"start":{"line":62,"column":11},"end":{"line":68,"column":5}},"type":"if","locations":[{"start":{"line":62,"column":11},"end":{"line":68,"column":5}},{"start":{},"end":{}}]},"7":{"loc":{"start":{"line":72,"column":4},"end":{"line":74,"column":5}},"type":"if","locations":[{"start":{"line":72,"column":4},"end":{"line":74,"column":5}},{"start":{},"end":{}}]},"8":{"loc":{"start":{"line":72,"column":8},"end":{"line":72,"column":60}},"type":"binary-expr","locations":[{"start":{"line":72,"column":8},"end":{"line":72,"column":19}},{"start":{"line":72,"column":23},"end":{"line":72,"column":60}}]},"9":{"loc":{"start":{"line":79,"column":15},"end":{"line":79,"column":47}},"type":"binary-expr","locations":[{"start":{"line":79,"column":15},"end":{"line":79,"column":31}},{"start":{"line":79,"column":35},"end":{"line":79,"column":47}}]}},"s":{"0":0,"1":0,"2":0,"3":0,"4":0,"5":0,"6":0,"7":0,"8":0,"9":0,"10":0,"11":0,"12":0,"13":0,"14":0,"15":0,"16":0,"17":0,"18":0,"19":0,"20":0,"21":0,"22":0,"23":0,"24":0,"25":0,"26":0,"27":0,"28":0,"29":0,"30":0,"31":0,"32":0,"33":0,"34":0,"35":0,"36":0,"37":0,"38":0,"39":0,"40":0,"41":0,"42":0,"43":0,"44":0},"f":{"0":0,"1":0,"2":0,"3":0,"4":0,"5":0,"6":0,"7":0,"8":0,"9":0,"10":0,"11":0,"12":0,"13":0,"14":0},"b":{"0":[0],"1":[0],"2":[0,0],"3":[0,0],"4":[0,0],"5":[0,0],"6":[0,0],"7":[0,0],"8":[0,0],"9":[0,0]}}
,"D:\\2nd Assignments\\newcmpany\\publicapi\\src\\hooks\\useSort.ts": {"path":"D:\\2nd Assignments\\newcmpany\\publicapi\\src\\hooks\\useSort.ts","statementMap":{"0":{"start":{"line":7,"column":0},"end":{"line":7,"column":16}},"1":{"start":{"line":1,"column":0},"end":{"line":1,"column":42}},"2":{"start":{"line":8,"column":30},"end":{"line":8,"column":56}},"3":{"start":{"line":9,"column":44},"end":{"line":9,"column":74}},"4":{"start":{"line":11,"column":18},"end":{"line":12,"column":75}},"5":{"start":{"line":12,"column":4},"end":{"line":12,"column":75}},"6":{"start":{"line":12,"column":31},"end":{"line":12,"column":58}},"7":{"start":{"line":14,"column":25},"end":{"line":41,"column":39}},"8":{"start":{"line":15,"column":19},"end":{"line":15,"column":32}},"9":{"start":{"line":17,"column":4},"end":{"line":38,"column":5}},"10":{"start":{"line":19,"column":8},"end":{"line":22,"column":11}},"11":{"start":{"line":20,"column":29},"end":{"line":20,"column":57}},"12":{"start":{"line":21,"column":10},"end":{"line":21,"column":68}},"13":{"start":{"line":23,"column":8},"end":{"line":23,"column":14}},"14":{"start":{"line":25,"column":8},"end":{"line":28,"column":11}},"15":{"start":{"line":26,"column":29},"end":{"line":26,"column":40}},"16":{"start":{"line":27,"column":10},"end":{"line":27,"column":68}},"17":{"start":{"line":29,"column":8},"end":{"line":29,"column":14}},"18":{"start":{"line":31,"column":8},"end":{"line":36,"column":11}},"19":{"start":{"line":32,"column":25},"end":{"line":32,"column":76}},"20":{"start":{"line":33,"column":25},"end":{"line":33,"column":76}},"21":{"start":{"line":34,"column":29},"end":{"line":34,"column":44}},"22":{"start":{"line":35,"column":10},"end":{"line":35,"column":68}},"23":{"start":{"line":37,"column":8},"end":{"line":37,"column":14}},"24":{"start":{"line":40,"column":4},"end":{"line":40,"column":18}},"25":{"start":{"line":43,"column":30},"end":{"line":45,"column":3}},"26":{"start":{"line":44,"column":4},"end":{"line":44,"column":62}},"27":{"start":{"line":44,"column":29},"end":{"line":44,"column":60}},"28":{"start":{"line":47,"column":2},"end":{"line":53,"column":4}}},"fnMap":{"0":{"name":"useSort","decl":{"start":{"line":7,"column":16},"end":{"line":7,"column":23}},"loc":{"start":{"line":7,"column":43},"end":{"line":54,"column":1}}},"1":{"name":"(anonymous_1)","decl":{"start":{"line":11,"column":18},"end":{"line":11,"column":19}},"loc":{"start":{"line":12,"column":4},"end":{"line":12,"column":75}}},"2":{"name":"(anonymous_2)","decl":{"start":{"line":12,"column":23},"end":{"line":12,"column":27}},"loc":{"start":{"line":12,"column":31},"end":{"line":12,"column":58}}},"3":{"name":"(anonymous_3)","decl":{"start":{"line":14,"column":33},"end":{"line":14,"column":36}},"loc":{"start":{"line":14,"column":38},"end":{"line":41,"column":3}}},"4":{"name":"(anonymous_4)","decl":{"start":{"line":19,"column":20},"end":{"line":19,"column":21}},"loc":{"start":{"line":19,"column":29},"end":{"line":22,"column":9}}},"5":{"name":"(anonymous_5)","decl":{"start":{"line":25,"column":20},"end":{"line":25,"column":21}},"loc":{"start":{"line":25,"column":29},"end":{"line":28,"column":9}}},"6":{"name":"(anonymous_6)","decl":{"start":{"line":31,"column":20},"end":{"line":31,"column":21}},"loc":{"start":{"line":31,"column":29},"end":{"line":36,"column":9}}},"7":{"name":"(anonymous_7)","decl":{"start":{"line":43,"column":30},"end":{"line":43,"column":33}},"loc":{"start":{"line":43,"column":35},"end":{"line":45,"column":3}}},"8":{"name":"(anonymous_8)","decl":{"start":{"line":44,"column":21},"end":{"line":44,"column":25}},"loc":{"start":{"line":44,"column":29},"end":{"line":44,"column":60}}}},"branchMap":{"0":{"loc":{"start":{"line":12,"column":4},"end":{"line":12,"column":75}},"type":"binary-expr","locations":[{"start":{"line":12,"column":4},"end":{"line":12,"column":70}},{"start":{"line":12,"column":74},"end":{"line":12,"column":75}}]},"1":{"loc":{"start":{"line":17,"column":4},"end":{"line":38,"column":5}},"type":"switch","locations":[{"start":{"line":18,"column":6},"end":{"line":23,"column":14}},{"start":{"line":24,"column":6},"end":{"line":29,"column":14}},{"start":{"line":30,"column":6},"end":{"line":37,"column":14}}]},"2":{"loc":{"start":{"line":21,"column":17},"end":{"line":21,"column":67}},"type":"cond-expr","locations":[{"start":{"line":21,"column":43},"end":{"line":21,"column":53}},{"start":{"line":21,"column":56},"end":{"line":21,"column":67}}]},"3":{"loc":{"start":{"line":27,"column":17},"end":{"line":27,"column":67}},"type":"cond-expr","locations":[{"start":{"line":27,"column":43},"end":{"line":27,"column":53}},{"start":{"line":27,"column":56},"end":{"line":27,"column":67}}]},"4":{"loc":{"start":{"line":35,"column":17},"end":{"line":35,"column":67}},"type":"cond-expr","locations":[{"start":{"line":35,"column":43},"end":{"line":35,"column":53}},{"start":{"line":35,"column":56},"end":{"line":35,"column":67}}]},"5":{"loc":{"start":{"line":44,"column":29},"end":{"line":44,"column":60}},"type":"cond-expr","locations":[{"start":{"line":44,"column":46},"end":{"line":44,"column":52}},{"start":{"line":44,"column":55},"end":{"line":44,"column":60}}]}},"s":{"0":0,"1":0,"2":0,"3":0,"4":0,"5":0,"6":0,"7":0,"8":0,"9":0,"10":0,"11":0,"12":0,"13":0,"14":0,"15":0,"16":0,"17":0,"18":0,"19":0,"20":0,"21":0,"22":0,"23":0,"24":0,"25":0,"26":0,"27":0,"28":0},"f":{"0":0,"1":0,"2":0,"3":0,"4":0,"5":0,"6":0,"7":0,"8":0},"b":{"0":[0,0],"1":[0,0,0],"2":[0,0],"3":[0,0],"4":[0,0],"5":[0,0]}}
,"D:\\2nd Assignments\\newcmpany\\publicapi\\src\\pages\\PokemonDetailsPage.tsx": {"path":"D:\\2nd Assignments\\newcmpany\\publicapi\\src\\pages\\PokemonDetailsPage.tsx","statementMap":{"0":{"start":{"line":7,"column":0},"end":{"line":7,"column":16}},"1":{"start":{"line":1,"column":0},"end":{"line":1,"column":64}},"2":{"start":{"line":2,"column":0},"end":{"line":2,"column":91}},"3":{"start":{"line":3,"column":0},"end":{"line":3,"column":62}},"4":{"start":{"line":4,"column":0},"end":{"line":4,"column":57}},"5":{"start":{"line":5,"column":0},"end":{"line":5,"column":48}},"6":{"start":{"line":8,"column":17},"end":{"line":8,"column":44}},"7":{"start":{"line":9,"column":19},"end":{"line":9,"column":32}},"8":{"start":{"line":10,"column":39},"end":{"line":10,"column":66}},"9":{"start":{"line":12,"column":2},"end":{"line":12,"column":36}},"10":{"start":{"line":12,"column":17},"end":{"line":12,"column":36}},"11":{"start":{"line":13,"column":2},"end":{"line":13,"column":66}},"12":{"start":{"line":13,"column":16},"end":{"line":13,"column":66}},"13":{"start":{"line":15,"column":2},"end":{"line":147,"column":4}},"14":{"start":{"line":36,"column":25},"end":{"line":36,"column":37}},"15":{"start":{"line":77,"column":16},"end":{"line":77,"column":42}},"16":{"start":{"line":105,"column":18},"end":{"line":106,"column":null}},"17":{"start":{"line":127,"column":18},"end":{"line":128,"column":null}}},"fnMap":{"0":{"name":"PokemonDetailsPage","decl":{"start":{"line":7,"column":16},"end":{"line":7,"column":34}},"loc":{"start":{"line":7,"column":34},"end":{"line":148,"column":1}}},"1":{"name":"(anonymous_1)","decl":{"start":{"line":36,"column":19},"end":{"line":36,"column":22}},"loc":{"start":{"line":36,"column":25},"end":{"line":36,"column":37}}},"2":{"name":"(anonymous_2)","decl":{"start":{"line":76,"column":33},"end":{"line":76,"column":34}},"loc":{"start":{"line":77,"column":16},"end":{"line":77,"column":42}}},"3":{"name":"(anonymous_3)","decl":{"start":{"line":104,"column":35},"end":{"line":104,"column":36}},"loc":{"start":{"line":105,"column":18},"end":{"line":106,"column":null}}},"4":{"name":"(anonymous_4)","decl":{"start":{"line":126,"column":39},"end":{"line":126,"column":40}},"loc":{"start":{"line":127,"column":18},"end":{"line":128,"column":null}}}},"branchMap":{"0":{"loc":{"start":{"line":10,"column":57},"end":{"line":10,"column":65}},"type":"binary-expr","locations":[{"start":{"line":10,"column":57},"end":{"line":10,"column":59}},{"start":{"line":10,"column":63},"end":{"line":10,"column":65}}]},"1":{"loc":{"start":{"line":12,"column":2},"end":{"line":12,"column":36}},"type":"if","locations":[{"start":{"line":12,"column":2},"end":{"line":12,"column":36}},{"start":{},"end":{}}]},"2":{"loc":{"start":{"line":13,"column":2},"end":{"line":13,"column":66}},"type":"if","locations":[{"start":{"line":13,"column":2},"end":{"line":13,"column":66}},{"start":{},"end":{}}]},"3":{"loc":{"start":{"line":52,"column":19},"end":{"line":52,"column":109}},"type":"binary-expr","locations":[{"start":{"line":52,"column":19},"end":{"line":52,"column":76}},{"start":{"line":52,"column":80},"end":{"line":52,"column":109}}]}},"s":{"0":0,"1":0,"2":0,"3":0,"4":0,"5":0,"6":0,"7":0,"8":0,"9":0,"10":0,"11":0,"12":0,"13":0,"14":0,"15":0,"16":0,"17":0},"f":{"0":0,"1":0,"2":0,"3":0,"4":0},"b":{"0":[0,0],"1":[0,0],"2":[0,0],"3":[0,0]}}
,"D:\\2nd Assignments\\newcmpany\\publicapi\\src\\services\\api.ts": {"path":"D:\\2nd Assignments\\newcmpany\\publicapi\\src\\services\\api.ts","statementMap":{"0":{"start":{"line":1,"column":0},"end":{"line":1,"column":26}},"1":{"start":{"line":4,"column":16},"end":{"line":4,"column":43}},"2":{"start":{"line":6,"column":13},"end":{"line":8,"column":3}},"3":{"start":{"line":10,"column":27},"end":{"line":13,"column":1}},"4":{"start":{"line":11,"column":19},"end":{"line":11,"column":97}},"5":{"start":{"line":12,"column":2},"end":{"line":12,"column":23}},"6":{"start":{"line":10,"column":13},"end":{"line":10,"column":27}},"7":{"start":{"line":15,"column":26},"end":{"line":18,"column":1}},"8":{"start":{"line":16,"column":19},"end":{"line":16,"column":65}},"9":{"start":{"line":17,"column":2},"end":{"line":17,"column":23}},"10":{"start":{"line":15,"column":13},"end":{"line":15,"column":26}},"11":{"start":{"line":27,"column":30},"end":{"line":62,"column":1}},"12":{"start":{"line":28,"column":2},"end":{"line":61,"column":3}},"13":{"start":{"line":30,"column":30},"end":{"line":31,"column":null}},"14":{"start":{"line":34,"column":4},"end":{"line":36,"column":5}},"15":{"start":{"line":35,"column":6},"end":{"line":35,"column":16}},"16":{"start":{"line":39,"column":27},"end":{"line":40,"column":null}},"17":{"start":{"line":40,"column":52},"end":{"line":40,"column":76}},"18":{"start":{"line":44,"column":26},"end":{"line":48,"column":22}},"19":{"start":{"line":46,"column":10},"end":{"line":46,"column":66}},"20":{"start":{"line":51,"column":4},"end":{"line":55,"column":5}},"21":{"start":{"line":52,"column":6},"end":{"line":54,"column":8}},"22":{"start":{"line":53,"column":8},"end":{"line":53,"column":53}},"23":{"start":{"line":53,"column":32},"end":{"line":53,"column":52}},"24":{"start":{"line":57,"column":4},"end":{"line":57,"column":27}},"25":{"start":{"line":59,"column":4},"end":{"line":59,"column":53}},"26":{"start":{"line":60,"column":4},"end":{"line":60,"column":14}},"27":{"start":{"line":27,"column":13},"end":{"line":27,"column":30}}},"fnMap":{"0":{"name":"(anonymous_1)","decl":{"start":{"line":10,"column":27},"end":{"line":10,"column":32}},"loc":{"start":{"line":10,"column":90},"end":{"line":13,"column":1}}},"1":{"name":"(anonymous_2)","decl":{"start":{"line":15,"column":26},"end":{"line":15,"column":31}},"loc":{"start":{"line":15,"column":80},"end":{"line":18,"column":1}}},"2":{"name":"(anonymous_3)","decl":{"start":{"line":27,"column":30},"end":{"line":27,"column":35}},"loc":{"start":{"line":27,"column":114},"end":{"line":62,"column":1}}},"3":{"name":"(anonymous_4)","decl":{"start":{"line":40,"column":41},"end":{"line":40,"column":48}},"loc":{"start":{"line":40,"column":52},"end":{"line":40,"column":76}}},"4":{"name":"(anonymous_5)","decl":{"start":{"line":45,"column":30},"end":{"line":45,"column":37}},"loc":{"start":{"line":46,"column":10},"end":{"line":46,"column":66}}},"5":{"name":"(anonymous_6)","decl":{"start":{"line":52,"column":47},"end":{"line":52,"column":54}},"loc":{"start":{"line":53,"column":8},"end":{"line":53,"column":53}}},"6":{"name":"(anonymous_7)","decl":{"start":{"line":53,"column":27},"end":{"line":53,"column":28}},"loc":{"start":{"line":53,"column":32},"end":{"line":53,"column":52}}}},"branchMap":{"0":{"loc":{"start":{"line":10,"column":34},"end":{"line":10,"column":44}},"type":"default-arg","locations":[{"start":{"line":10,"column":43},"end":{"line":10,"column":44}}]},"1":{"loc":{"start":{"line":10,"column":46},"end":{"line":10,"column":56}},"type":"default-arg","locations":[{"start":{"line":10,"column":54},"end":{"line":10,"column":56}}]},"2":{"loc":{"start":{"line":27,"column":52},"end":{"line":27,"column":62}},"type":"default-arg","locations":[{"start":{"line":27,"column":60},"end":{"line":27,"column":62}}]},"3":{"loc":{"start":{"line":27,"column":64},"end":{"line":27,"column":74}},"type":"default-arg","locations":[{"start":{"line":27,"column":73},"end":{"line":27,"column":74}}]},"4":{"loc":{"start":{"line":34,"column":4},"end":{"line":36,"column":5}},"type":"if","locations":[{"start":{"line":34,"column":4},"end":{"line":36,"column":5}},{"start":{},"end":{}}]},"5":{"loc":{"start":{"line":44,"column":26},"end":{"line":48,"column":22}},"type":"cond-expr","locations":[{"start":{"line":45,"column":8},"end":{"line":46,"column":null}},{"start":{"line":48,"column":8},"end":{"line":48,"column":22}}]},"6":{"loc":{"start":{"line":51,"column":4},"end":{"line":55,"column":5}},"type":"if","locations":[{"start":{"line":51,"column":4},"end":{"line":55,"column":5}},{"start":{},"end":{}}]}},"s":{"0":0,"1":0,"2":0,"3":0,"4":0,"5":0,"6":0,"7":0,"8":0,"9":0,"10":0,"11":0,"12":0,"13":0,"14":0,"15":0,"16":0,"17":0,"18":0,"19":0,"20":0,"21":0,"22":0,"23":0,"24":0,"25":0,"26":0,"27":0},"f":{"0":0,"1":0,"2":0,"3":0,"4":0,"5":0,"6":0},"b":{"0":[0],"1":[0],"2":[0],"3":[0],"4":[0,0],"5":[0,0],"6":[0,0]}}
}
