TN:
SF:src\App.tsx
FN:40,PokemonListContent
FN:61,(anonymous_1)
FN:66,(anonymous_2)
FN:70,(anonymous_3)
FN:71,(anonymous_4)
FN:72,(anonymous_5)
FN:74,(anonymous_6)
FN:155,(anonymous_7)
FN:180,(anonymous_8)
FN:180,(anonymous_9)
FN:298,(anonymous_10)
FN:306,App
FNF:12
FNH:0
FNDA:0,PokemonListContent
FNDA:0,(anonymous_1)
FNDA:0,(anonymous_2)
FNDA:0,(anonymous_3)
FNDA:0,(anonymous_4)
FNDA:0,(anonymous_5)
FNDA:0,(anonymous_6)
FNDA:0,(anonymous_7)
FNDA:0,(anonymous_8)
FNDA:0,(anonymous_9)
FNDA:0,(anonymous_10)
FNDA:0,App
DA:1,0
DA:2,0
DA:16,0
DA:17,0
DA:18,0
DA:19,0
DA:20,0
DA:21,0
DA:22,0
DA:24,0
DA:25,0
DA:26,0
DA:27,0
DA:28,0
DA:29,0
DA:31,0
DA:41,0
DA:42,0
DA:43,0
DA:44,0
DA:45,0
DA:46,0
DA:57,0
DA:58,0
DA:59,0
DA:61,0
DA:62,0
DA:63,0
DA:66,0
DA:67,0
DA:70,0
DA:71,0
DA:72,0
DA:74,0
DA:75,0
DA:76,0
DA:78,0
DA:79,0
DA:81,0
DA:82,0
DA:84,0
DA:85,0
DA:86,0
DA:87,0
DA:89,0
DA:93,0
DA:95,0
DA:155,0
DA:180,0
DA:298,0
DA:306,0
DA:307,0
LF:52
LH:0
BRDA:58,0,0,0
BRDA:58,0,1,0
BRDA:72,1,0,0
BRDA:72,1,1,0
BRDA:76,2,0,0
BRDA:76,2,1,0
BRDA:76,2,2,0
BRDA:89,3,0,0
BRDA:89,3,1,0
BRDA:93,4,0,0
BRDA:93,4,1,0
BRDA:177,5,0,0
BRDA:177,5,1,0
BRDA:180,6,0,0
BRDA:180,6,1,0
BRDA:187,7,0,0
BRDA:187,7,1,0
BRDA:275,8,0,0
BRDA:275,8,1,0
BRDA:281,9,0,0
BRDA:281,9,1,0
BRDA:281,9,2,0
BRDA:294,10,0,0
BRDA:294,10,1,0
BRF:24
BRH:0
end_of_record
TN:
SF:src\main.tsx
FNF:0
FNH:0
DA:1,0
DA:2,0
DA:3,0
DA:4,0
DA:6,0
LF:5
LH:0
BRF:0
BRH:0
end_of_record
TN:
SF:src\theme.ts
FNF:0
FNH:0
DA:1,1
DA:3,1
LF:2
LH:2
BRF:0
BRH:0
end_of_record
TN:
SF:src\components\FavoriteStats.tsx
FN:8,(anonymous_0)
FN:9,(anonymous_1)
FN:10,(anonymous_2)
FN:17,(anonymous_3)
FN:18,(anonymous_4)
FN:24,(anonymous_5)
FN:62,(anonymous_6)
FNF:7
FNH:0
FNDA:0,(anonymous_0)
FNDA:0,(anonymous_1)
FNDA:0,(anonymous_2)
FNDA:0,(anonymous_3)
FNDA:0,(anonymous_4)
FNDA:0,(anonymous_5)
FNDA:0,(anonymous_6)
DA:1,0
DA:8,0
DA:9,0
DA:10,0
DA:11,0
DA:13,0
DA:16,0
DA:18,0
DA:19,0
DA:23,0
DA:24,0
DA:27,0
DA:63,0
LF:13
LH:0
BRDA:11,0,0,0
BRDA:11,0,1,0
BRDA:18,1,0,0
BRDA:18,1,1,0
BRF:4
BRH:0
end_of_record
TN:
SF:src\components\FavoritesList.tsx
FN:25,(anonymous_0)
FN:30,(anonymous_1)
FN:32,(anonymous_2)
FN:33,(anonymous_3)
FN:35,(anonymous_4)
FN:40,(anonymous_5)
FN:44,(anonymous_6)
FN:48,(anonymous_7)
FN:52,(anonymous_8)
FN:53,(anonymous_9)
FN:136,(anonymous_10)
FN:140,(anonymous_11)
FN:158,(anonymous_12)
FN:168,(anonymous_13)
FN:178,(anonymous_14)
FNF:15
FNH:0
FNDA:0,(anonymous_0)
FNDA:0,(anonymous_1)
FNDA:0,(anonymous_2)
FNDA:0,(anonymous_3)
FNDA:0,(anonymous_4)
FNDA:0,(anonymous_5)
FNDA:0,(anonymous_6)
FNDA:0,(anonymous_7)
FNDA:0,(anonymous_8)
FNDA:0,(anonymous_9)
FNDA:0,(anonymous_10)
FNDA:0,(anonymous_11)
FNDA:0,(anonymous_12)
FNDA:0,(anonymous_13)
FNDA:0,(anonymous_14)
DA:1,0
DA:12,0
DA:13,0
DA:14,0
DA:17,0
DA:25,0
DA:26,0
DA:27,0
DA:28,0
DA:30,0
DA:32,0
DA:33,0
DA:34,0
DA:35,0
DA:40,0
DA:41,0
DA:44,0
DA:48,0
DA:49,0
DA:52,0
DA:53,0
DA:54,0
DA:55,0
DA:58,0
DA:59,0
DA:68,0
DA:137,0
DA:141,0
DA:142,0
DA:158,0
DA:168,0
DA:178,0
LF:32
LH:0
BRDA:34,0,0,0
BRDA:34,0,1,0
BRDA:42,1,0,0
BRDA:42,1,1,0
BRDA:58,2,0,0
BRDA:58,2,1,0
BRDA:101,3,0,0
BRDA:101,3,1,0
BRDA:105,4,0,0
BRDA:105,4,1,0
BRDA:106,5,0,0
BRDA:106,5,1,0
BRDA:112,6,0,0
BRDA:112,6,1,0
BRDA:128,7,0,0
BRDA:128,7,1,0
BRF:16
BRH:0
end_of_record
TN:
SF:src\components\FavoritesListNew.tsx
FN:25,(anonymous_0)
FN:30,(anonymous_1)
FN:32,(anonymous_2)
FN:36,(anonymous_3)
FN:40,(anonymous_4)
FN:44,(anonymous_5)
FN:45,(anonymous_6)
FN:120,(anonymous_7)
FN:128,(anonymous_8)
FN:138,(anonymous_9)
FNF:10
FNH:0
FNDA:0,(anonymous_0)
FNDA:0,(anonymous_1)
FNDA:0,(anonymous_2)
FNDA:0,(anonymous_3)
FNDA:0,(anonymous_4)
FNDA:0,(anonymous_5)
FNDA:0,(anonymous_6)
FNDA:0,(anonymous_7)
FNDA:0,(anonymous_8)
FNDA:0,(anonymous_9)
DA:1,0
DA:2,0
DA:13,0
DA:14,0
DA:15,0
DA:25,0
DA:26,0
DA:27,0
DA:28,0
DA:30,0
DA:32,0
DA:33,0
DA:36,0
DA:40,0
DA:41,0
DA:44,0
DA:45,0
DA:46,0
DA:47,0
DA:50,0
DA:51,0
DA:67,0
DA:128,0
DA:138,0
LF:24
LH:0
BRDA:34,0,0,0
BRDA:34,0,1,0
BRDA:50,1,0,0
BRDA:50,1,1,0
BRDA:94,2,0,0
BRDA:94,2,1,0
BRDA:98,3,0,0
BRDA:98,3,1,0
BRDA:99,4,0,0
BRDA:99,4,1,0
BRDA:103,5,0,0
BRDA:103,5,1,0
BRF:12
BRH:0
end_of_record
TN:
SF:src\components\Loading.tsx
FN:3,(anonymous_0)
FNF:1
FNH:0
FNDA:0,(anonymous_0)
DA:1,0
DA:3,0
DA:4,0
LF:3
LH:0
BRF:0
BRH:0
end_of_record
TN:
SF:src\components\PokemonCard.tsx
FN:6,(anonymous_0)
FN:28,(anonymous_1)
FN:32,(anonymous_2)
FN:85,(anonymous_3)
FNF:4
FNH:4
FNDA:12,(anonymous_0)
FNDA:12,(anonymous_1)
FNDA:3,(anonymous_2)
FNDA:22,(anonymous_3)
DA:1,1
DA:2,1
DA:4,1
DA:6,1
DA:7,12
DA:8,11
DA:11,1
DA:12,1
DA:28,1
DA:29,12
DA:30,12
DA:32,12
DA:33,3
DA:34,3
DA:35,1
DA:37,2
DA:41,12
DA:43,12
DA:86,22
LF:19
LH:19
BRDA:7,0,0,11
BRDA:7,0,1,1
BRDA:28,1,0,10
BRDA:34,2,0,1
BRDA:34,2,1,2
BRDA:52,3,0,1
BRDA:52,3,1,11
BRDA:53,4,0,1
BRDA:53,4,1,11
BRDA:59,5,0,1
BRDA:59,5,1,11
BRDA:60,6,0,1
BRDA:60,6,1,11
BRDA:64,7,0,1
BRDA:64,7,1,11
BRDA:74,8,0,1
BRDA:74,8,1,11
BRDA:80,9,0,1
BRDA:80,9,1,11
BRDA:81,10,0,3
BRDA:81,10,1,9
BRDA:85,11,0,12
BRDA:85,11,1,11
BRF:23
BRH:23
end_of_record
TN:
SF:src\components\PokemonDetail.tsx
FN:22,(anonymous_0)
FN:26,(anonymous_1)
FN:74,(anonymous_2)
FN:97,(anonymous_3)
FNF:4
FNH:0
FNDA:0,(anonymous_0)
FNDA:0,(anonymous_1)
FNDA:0,(anonymous_2)
FNDA:0,(anonymous_3)
DA:1,0
DA:11,0
DA:13,0
DA:22,0
DA:23,0
DA:24,0
DA:26,0
DA:27,0
DA:29,0
DA:30,0
DA:32,0
DA:36,0
DA:75,0
DA:98,0
LF:14
LH:0
BRDA:24,0,0,0
BRDA:24,0,1,0
BRDA:27,1,0,0
BRDA:27,1,1,0
BRDA:29,2,0,0
BRDA:29,2,1,0
BRDA:41,3,0,0
BRDA:41,3,1,0
BRDA:49,4,0,0
BRDA:49,4,1,0
BRDA:58,5,0,0
BRDA:58,5,1,0
BRDA:62,6,0,0
BRDA:62,6,1,0
BRDA:66,7,0,0
BRDA:66,7,1,0
BRF:16
BRH:0
end_of_record
TN:
SF:src\components\PokemonSkeleton.tsx
FN:9,(anonymous_0)
FNF:1
FNH:0
FNDA:0,(anonymous_0)
DA:1,0
DA:9,0
DA:10,0
DA:11,0
DA:38,0
LF:5
LH:0
BRDA:10,0,0,0
BRDA:10,0,1,0
BRF:2
BRH:0
end_of_record
TN:
SF:src\components\ScrollableGrid.tsx
FN:23,(anonymous_0)
FN:37,(anonymous_1)
FN:51,(anonymous_2)
FN:56,(anonymous_3)
FN:66,(anonymous_4)
FN:84,(anonymous_5)
FN:156,(anonymous_6)
FN:183,(anonymous_7)
FN:188,(anonymous_8)
FNF:9
FNH:0
FNDA:0,(anonymous_0)
FNDA:0,(anonymous_1)
FNDA:0,(anonymous_2)
FNDA:0,(anonymous_3)
FNDA:0,(anonymous_4)
FNDA:0,(anonymous_5)
FNDA:0,(anonymous_6)
FNDA:0,(anonymous_7)
FNDA:0,(anonymous_8)
DA:1,0
DA:7,0
DA:8,0
DA:9,0
DA:23,0
DA:24,0
DA:37,0
DA:46,0
DA:47,0
DA:48,0
DA:49,0
DA:51,0
DA:52,0
DA:53,0
DA:56,0
DA:57,0
DA:58,0
DA:60,0
DA:66,0
DA:67,0
DA:69,0
DA:70,0
DA:74,0
DA:75,0
DA:76,0
DA:79,0
DA:80,0
DA:81,0
DA:84,0
DA:85,0
DA:86,0
DA:87,0
DA:88,0
DA:93,0
DA:157,0
DA:184,0
DA:188,0
LF:37
LH:0
BRDA:69,0,0,0
BRDA:69,0,1,0
BRDA:69,1,0,0
BRDA:69,1,1,0
BRDA:69,1,2,0
BRDA:69,1,3,0
BRDA:69,1,4,0
BRDA:74,2,0,0
BRDA:74,2,1,0
BRDA:79,3,0,0
BRDA:79,3,1,0
BRDA:79,4,0,0
BRDA:79,4,1,0
BRDA:79,4,2,0
BRDA:79,4,3,0
BRDA:86,5,0,0
BRDA:86,5,1,0
BRDA:95,6,0,0
BRDA:95,6,1,0
BRDA:135,7,0,0
BRDA:135,7,1,0
BRDA:141,8,0,0
BRDA:141,8,1,0
BRDA:167,9,0,0
BRDA:167,9,1,0
BRDA:185,10,0,0
BRDA:185,10,1,0
BRDA:201,11,0,0
BRDA:201,11,1,0
BRDA:206,12,0,0
BRDA:206,12,1,0
BRDA:209,13,0,0
BRDA:209,13,1,0
BRDA:209,13,2,0
BRDA:235,14,0,0
BRDA:235,14,1,0
BRDA:235,14,2,0
BRF:37
BRH:0
end_of_record
TN:
SF:src\components\SearchBar.tsx
FN:10,(anonymous_0)
FN:17,(anonymous_1)
FNF:2
FNH:2
FNDA:7,(anonymous_0)
FNDA:1,(anonymous_1)
DA:1,1
DA:2,1
DA:10,1
DA:11,7
DA:17,1
LF:5
LH:5
BRDA:10,0,0,6
BRF:1
BRH:1
end_of_record
TN:
SF:src\components\TypeFilter.tsx
FN:18,(anonymous_0)
FN:19,(anonymous_1)
FN:35,(anonymous_2)
FNF:3
FNH:0
FNDA:0,(anonymous_0)
FNDA:0,(anonymous_1)
FNDA:0,(anonymous_2)
DA:1,0
DA:5,0
DA:18,0
DA:19,0
DA:20,0
DA:23,0
DA:36,0
LF:7
LH:0
BRF:0
BRH:0
end_of_record
TN:
SF:src\components\ViewToggle.tsx
FN:11,(anonymous_0)
FN:12,(anonymous_1)
FNF:2
FNH:0
FNDA:0,(anonymous_0)
FNDA:0,(anonymous_1)
DA:1,0
DA:2,0
DA:11,0
DA:12,0
DA:13,0
DA:14,0
DA:18,0
LF:7
LH:0
BRDA:13,0,0,0
BRDA:13,0,1,0
BRF:2
BRH:0
end_of_record
TN:
SF:src\components\index.ts
FNF:0
FNH:0
DA:1,0
DA:2,0
DA:3,0
LF:3
LH:0
BRF:0
BRH:0
end_of_record
TN:
SF:src\context\FavoritesContext.tsx
FN:16,FavoritesProvider
FN:17,(anonymous_1)
FN:22,(anonymous_2)
FN:26,(anonymous_3)
FN:27,(anonymous_4)
FN:30,(anonymous_5)
FN:31,(anonymous_6)
FN:31,(anonymous_7)
FN:34,(anonymous_8)
FN:38,(anonymous_9)
FN:51,useFavorites
FNF:11
FNH:10
FNDA:12,FavoritesProvider
FNDA:9,(anonymous_1)
FNDA:12,(anonymous_2)
FNDA:2,(anonymous_3)
FNDA:2,(anonymous_4)
FNDA:1,(anonymous_5)
FNDA:1,(anonymous_6)
FNDA:1,(anonymous_7)
FNDA:12,(anonymous_8)
FNDA:0,(anonymous_9)
FNDA:12,useFavorites
DA:1,1
DA:12,1
DA:14,1
DA:16,1
DA:17,12
DA:18,9
DA:19,9
DA:22,12
DA:23,12
DA:26,12
DA:27,2
DA:30,12
DA:31,1
DA:34,12
DA:35,12
DA:38,12
DA:39,0
DA:42,12
DA:51,1
DA:52,12
DA:53,12
DA:54,0
DA:56,12
LF:23
LH:21
BRDA:19,0,0,8
BRDA:19,0,1,1
BRDA:53,1,0,0
BRDA:53,1,1,12
BRF:4
BRH:3
end_of_record
TN:
SF:src\hooks\useDebounce.ts
FN:3,useDebounce
FN:6,(anonymous_1)
FN:7,(anonymous_2)
FN:11,(anonymous_3)
FNF:4
FNH:4
FNDA:8,useDebounce
FNDA:6,(anonymous_1)
FNDA:2,(anonymous_2)
FNDA:6,(anonymous_3)
DA:1,1
DA:3,1
DA:4,8
DA:6,8
DA:7,6
DA:8,2
DA:11,6
DA:12,6
DA:16,8
LF:9
LH:9
BRF:0
BRH:0
end_of_record
TN:
SF:src\hooks\usePokemons.ts
FN:123,usePokemonList
FN:139,(anonymous_1)
FN:145,(anonymous_2)
FN:152,(anonymous_3)
FN:156,(anonymous_4)
FN:158,(anonymous_5)
FN:159,(anonymous_6)
FN:166,(anonymous_7)
FN:172,(anonymous_8)
FN:180,(anonymous_9)
FN:183,(anonymous_10)
FN:202,usePokemonDetails
FN:205,(anonymous_12)
FNF:13
FNH:0
FNDA:0,usePokemonList
FNDA:0,(anonymous_1)
FNDA:0,(anonymous_2)
FNDA:0,(anonymous_3)
FNDA:0,(anonymous_4)
FNDA:0,(anonymous_5)
FNDA:0,(anonymous_6)
FNDA:0,(anonymous_7)
FNDA:0,(anonymous_8)
FNDA:0,(anonymous_9)
FNDA:0,(anonymous_10)
FNDA:0,usePokemonDetails
FNDA:0,(anonymous_12)
DA:114,0
DA:115,0
DA:117,0
DA:118,0
DA:121,0
DA:123,0
DA:124,0
DA:125,0
DA:126,0
DA:127,0
DA:128,0
DA:129,0
DA:130,0
DA:137,0
DA:139,0
DA:145,0
DA:152,0
DA:153,0
DA:154,0
DA:155,0
DA:156,0
DA:158,0
DA:159,0
DA:160,0
DA:166,0
DA:167,0
DA:168,0
DA:172,0
DA:173,0
DA:174,0
DA:175,0
DA:176,0
DA:180,0
DA:181,0
DA:182,0
DA:183,0
DA:187,0
DA:202,0
DA:203,0
DA:205,0
LF:40
LH:0
BRDA:123,0,0,0
BRDA:133,1,0,0
BRDA:153,2,0,0
BRDA:153,2,1,0
BRDA:155,3,0,0
BRDA:155,3,1,0
BRDA:173,4,0,0
BRDA:173,4,1,0
BRDA:173,5,0,0
BRDA:173,5,1,0
BRDA:175,6,0,0
BRDA:175,6,1,0
BRDA:181,7,0,0
BRDA:181,7,1,0
BRDA:181,8,0,0
BRDA:181,8,1,0
BRDA:181,8,2,0
BRDA:189,9,0,0
BRDA:189,9,1,0
BRF:19
BRH:0
end_of_record
TN:
SF:src\hooks\useSort.ts
FN:7,useSort
FN:11,(anonymous_1)
FN:12,(anonymous_2)
FN:14,(anonymous_3)
FN:19,(anonymous_4)
FN:25,(anonymous_5)
FN:31,(anonymous_6)
FN:43,(anonymous_7)
FN:44,(anonymous_8)
FNF:9
FNH:0
FNDA:0,useSort
FNDA:0,(anonymous_1)
FNDA:0,(anonymous_2)
FNDA:0,(anonymous_3)
FNDA:0,(anonymous_4)
FNDA:0,(anonymous_5)
FNDA:0,(anonymous_6)
FNDA:0,(anonymous_7)
FNDA:0,(anonymous_8)
DA:1,0
DA:7,0
DA:8,0
DA:9,0
DA:11,0
DA:12,0
DA:14,0
DA:15,0
DA:17,0
DA:19,0
DA:20,0
DA:21,0
DA:23,0
DA:25,0
DA:26,0
DA:27,0
DA:29,0
DA:31,0
DA:32,0
DA:33,0
DA:34,0
DA:35,0
DA:37,0
DA:40,0
DA:43,0
DA:44,0
DA:47,0
LF:27
LH:0
BRDA:12,0,0,0
BRDA:12,0,1,0
BRDA:17,1,0,0
BRDA:17,1,1,0
BRDA:17,1,2,0
BRDA:21,2,0,0
BRDA:21,2,1,0
BRDA:27,3,0,0
BRDA:27,3,1,0
BRDA:35,4,0,0
BRDA:35,4,1,0
BRDA:44,5,0,0
BRDA:44,5,1,0
BRF:13
BRH:0
end_of_record
TN:
SF:src\services\api.ts
FN:10,(anonymous_1)
FN:15,(anonymous_2)
FN:27,(anonymous_3)
FN:40,(anonymous_4)
FN:45,(anonymous_5)
FN:52,(anonymous_6)
FN:53,(anonymous_7)
FNF:7
FNH:0
FNDA:0,(anonymous_1)
FNDA:0,(anonymous_2)
FNDA:0,(anonymous_3)
FNDA:0,(anonymous_4)
FNDA:0,(anonymous_5)
FNDA:0,(anonymous_6)
FNDA:0,(anonymous_7)
DA:1,0
DA:4,0
DA:6,0
DA:10,0
DA:11,0
DA:12,0
DA:15,0
DA:16,0
DA:17,0
DA:27,0
DA:28,0
DA:30,0
DA:34,0
DA:35,0
DA:39,0
DA:40,0
DA:44,0
DA:46,0
DA:51,0
DA:52,0
DA:53,0
DA:57,0
DA:59,0
DA:60,0
LF:24
LH:0
BRDA:10,0,0,0
BRDA:10,1,0,0
BRDA:27,2,0,0
BRDA:27,3,0,0
BRDA:34,4,0,0
BRDA:34,4,1,0
BRDA:44,5,0,0
BRDA:44,5,1,0
BRDA:51,6,0,0
BRDA:51,6,1,0
BRF:10
BRH:0
end_of_record
